i=1	one	length: 3
i=2	two	length: 3
i=3	three	length: 5
i=4	four	length: 4
i=5	five	length: 4
i=6	six	length: 3
i=7	seven	length: 5
i=8	eight	length: 5
i=9	nine	length: 4
i=10	ten	length: 3
i=11	eleven	length: 6
i=12	twelve	length: 6
i=13	thirteen	length: 8
i=14	fourteen	length: 8
i=15	fifteen	length: 7
i=16	sixteen	length: 7
i=17	seventeen	length: 9
i=18	eighteen	length: 8
i=19	nineteen	length: 8
i=20	twenty	length: 6
i=21	twentyone	length: 9
i=22	twentytwo	length: 9
i=23	twentythree	length: 11
i=24	twentyfour	length: 10
i=25	twentyfive	length: 10
i=26	twentysix	length: 9
i=27	twentyseven	length: 11
i=28	twentyeight	length: 11
i=29	twentynine	length: 10
i=30	thirty	length: 6
i=31	thirtyone	length: 9
i=32	thirtytwo	length: 9
i=33	thirtythree	length: 11
i=34	thirtyfour	length: 10
i=35	thirtyfive	length: 10
i=36	thirtysix	length: 9
i=37	thirtyseven	length: 11
i=38	thirtyeight	length: 11
i=39	thirtynine	length: 10
i=40	forty	length: 5
i=41	fortyone	length: 8
i=42	fortytwo	length: 8
i=43	fortythree	length: 10
i=44	fortyfour	length: 9
i=45	fortyfive	length: 9
i=46	fortysix	length: 8
i=47	fortyseven	length: 10
i=48	fortyeight	length: 10
i=49	fortynine	length: 9
i=50	fifty	length: 5
i=51	fiftyone	length: 8
i=52	fiftytwo	length: 8
i=53	fiftythree	length: 10
i=54	fiftyfour	length: 9
i=55	fiftyfive	length: 9
i=56	fiftysix	length: 8
i=57	fiftyseven	length: 10
i=58	fiftyeight	length: 10
i=59	fiftynine	length: 9
i=60	sixty	length: 5
i=61	sixtyone	length: 8
i=62	sixtytwo	length: 8
i=63	sixtythree	length: 10
i=64	sixtyfour	length: 9
i=65	sixtyfive	length: 9
i=66	sixtysix	length: 8
i=67	sixtyseven	length: 10
i=68	sixtyeight	length: 10
i=69	sixtynine	length: 9
i=70	seventy	length: 7
i=71	seventyone	length: 10
i=72	seventytwo	length: 10
i=73	seventythree	length: 12
i=74	seventyfour	length: 11
i=75	seventyfive	length: 11
i=76	seventysix	length: 10
i=77	seventyseven	length: 12
i=78	seventyeight	length: 12
i=79	seventynine	length: 11
i=80	eighty	length: 6
i=81	eightyone	length: 9
i=82	eightytwo	length: 9
i=83	eightythree	length: 11
i=84	eightyfour	length: 10
i=85	eightyfive	length: 10
i=86	eightysix	length: 9
i=87	eightyseven	length: 11
i=88	eightyeight	length: 11
i=89	eightynine	length: 10
i=90	ninety	length: 6
i=91	ninetyone	length: 9
i=92	ninetytwo	length: 9
i=93	ninetythree	length: 11
i=94	ninetyfour	length: 10
i=95	ninetyfive	length: 10
i=96	ninetysix	length: 9
i=97	ninetyseven	length: 11
i=98	ninetyeight	length: 11
i=99	ninetynine	length: 10
i=100	onehundredand	length: 13
i=101	onehundredandone	length: 16
i=102	onehundredandtwo	length: 16
i=103	onehundredandthree	length: 18
i=104	onehundredandfour	length: 17
i=105	onehundredandfive	length: 17
i=106	onehundredandsix	length: 16
i=107	onehundredandseven	length: 18
i=108	onehundredandeight	length: 18
i=109	onehundredandnine	length: 17
i=110	onehundredandten	length: 16
i=111	onehundredandeleven	length: 19
i=112	onehundredandtwelve	length: 19
i=113	onehundredandthirteen	length: 21
i=114	onehundredandfourteen	length: 21
i=115	onehundredandfifteen	length: 20
i=116	onehundredandsixteen	length: 20
i=117	onehundredandseventeen	length: 22
i=118	onehundredandeighteen	length: 21
i=119	onehundredandnineteen	length: 21
i=120	onehundredandtwenty	length: 19
i=121	onehundredandtwentyone	length: 22
i=122	onehundredandtwentytwo	length: 22
i=123	onehundredandtwentythree	length: 24
i=124	onehundredandtwentyfour	length: 23
i=125	onehundredandtwentyfive	length: 23
i=126	onehundredandtwentysix	length: 22
i=127	onehundredandtwentyseven	length: 24
i=128	onehundredandtwentyeight	length: 24
i=129	onehundredandtwentynine	length: 23
i=130	onehundredandthirty	length: 19
i=131	onehundredandthirtyone	length: 22
i=132	onehundredandthirtytwo	length: 22
i=133	onehundredandthirtythree	length: 24
i=134	onehundredandthirtyfour	length: 23
i=135	onehundredandthirtyfive	length: 23
i=136	onehundredandthirtysix	length: 22
i=137	onehundredandthirtyseven	length: 24
i=138	onehundredandthirtyeight	length: 24
i=139	onehundredandthirtynine	length: 23
i=140	onehundredandforty	length: 18
i=141	onehundredandfortyone	length: 21
i=142	onehundredandfortytwo	length: 21
i=143	onehundredandfortythree	length: 23
i=144	onehundredandfortyfour	length: 22
i=145	onehundredandfortyfive	length: 22
i=146	onehundredandfortysix	length: 21
i=147	onehundredandfortyseven	length: 23
i=148	onehundredandfortyeight	length: 23
i=149	onehundredandfortynine	length: 22
i=150	onehundredandfifty	length: 18
i=151	onehundredandfiftyone	length: 21
i=152	onehundredandfiftytwo	length: 21
i=153	onehundredandfiftythree	length: 23
i=154	onehundredandfiftyfour	length: 22
i=155	onehundredandfiftyfive	length: 22
i=156	onehundredandfiftysix	length: 21
i=157	onehundredandfiftyseven	length: 23
i=158	onehundredandfiftyeight	length: 23
i=159	onehundredandfiftynine	length: 22
i=160	onehundredandsixty	length: 18
i=161	onehundredandsixtyone	length: 21
i=162	onehundredandsixtytwo	length: 21
i=163	onehundredandsixtythree	length: 23
i=164	onehundredandsixtyfour	length: 22
i=165	onehundredandsixtyfive	length: 22
i=166	onehundredandsixtysix	length: 21
i=167	onehundredandsixtyseven	length: 23
i=168	onehundredandsixtyeight	length: 23
i=169	onehundredandsixtynine	length: 22
i=170	onehundredandseventy	length: 20
i=171	onehundredandseventyone	length: 23
i=172	onehundredandseventytwo	length: 23
i=173	onehundredandseventythree	length: 25
i=174	onehundredandseventyfour	length: 24
i=175	onehundredandseventyfive	length: 24
i=176	onehundredandseventysix	length: 23
i=177	onehundredandseventyseven	length: 25
i=178	onehundredandseventyeight	length: 25
i=179	onehundredandseventynine	length: 24
i=180	onehundredandeighty	length: 19
i=181	onehundredandeightyone	length: 22
i=182	onehundredandeightytwo	length: 22
i=183	onehundredandeightythree	length: 24
i=184	onehundredandeightyfour	length: 23
i=185	onehundredandeightyfive	length: 23
i=186	onehundredandeightysix	length: 22
i=187	onehundredandeightyseven	length: 24
i=188	onehundredandeightyeight	length: 24
i=189	onehundredandeightynine	length: 23
i=190	onehundredandninety	length: 19
i=191	onehundredandninetyone	length: 22
i=192	onehundredandninetytwo	length: 22
i=193	onehundredandninetythree	length: 24
i=194	onehundredandninetyfour	length: 23
i=195	onehundredandninetyfive	length: 23
i=196	onehundredandninetysix	length: 22
i=197	onehundredandninetyseven	length: 24
i=198	onehundredandninetyeight	length: 24
i=199	onehundredandninetynine	length: 23
i=200	twohundredand	length: 13
i=201	twohundredandone	length: 16
i=202	twohundredandtwo	length: 16
i=203	twohundredandthree	length: 18
i=204	twohundredandfour	length: 17
i=205	twohundredandfive	length: 17
i=206	twohundredandsix	length: 16
i=207	twohundredandseven	length: 18
i=208	twohundredandeight	length: 18
i=209	twohundredandnine	length: 17
i=210	twohundredandten	length: 16
i=211	twohundredandeleven	length: 19
i=212	twohundredandtwelve	length: 19
i=213	twohundredandthirteen	length: 21
i=214	twohundredandfourteen	length: 21
i=215	twohundredandfifteen	length: 20
i=216	twohundredandsixteen	length: 20
i=217	twohundredandseventeen	length: 22
i=218	twohundredandeighteen	length: 21
i=219	twohundredandnineteen	length: 21
i=220	twohundredandtwenty	length: 19
i=221	twohundredandtwentyone	length: 22
i=222	twohundredandtwentytwo	length: 22
i=223	twohundredandtwentythree	length: 24
i=224	twohundredandtwentyfour	length: 23
i=225	twohundredandtwentyfive	length: 23
i=226	twohundredandtwentysix	length: 22
i=227	twohundredandtwentyseven	length: 24
i=228	twohundredandtwentyeight	length: 24
i=229	twohundredandtwentynine	length: 23
i=230	twohundredandthirty	length: 19
i=231	twohundredandthirtyone	length: 22
i=232	twohundredandthirtytwo	length: 22
i=233	twohundredandthirtythree	length: 24
i=234	twohundredandthirtyfour	length: 23
i=235	twohundredandthirtyfive	length: 23
i=236	twohundredandthirtysix	length: 22
i=237	twohundredandthirtyseven	length: 24
i=238	twohundredandthirtyeight	length: 24
i=239	twohundredandthirtynine	length: 23
i=240	twohundredandforty	length: 18
i=241	twohundredandfortyone	length: 21
i=242	twohundredandfortytwo	length: 21
i=243	twohundredandfortythree	length: 23
i=244	twohundredandfortyfour	length: 22
i=245	twohundredandfortyfive	length: 22
i=246	twohundredandfortysix	length: 21
i=247	twohundredandfortyseven	length: 23
i=248	twohundredandfortyeight	length: 23
i=249	twohundredandfortynine	length: 22
i=250	twohundredandfifty	length: 18
i=251	twohundredandfiftyone	length: 21
i=252	twohundredandfiftytwo	length: 21
i=253	twohundredandfiftythree	length: 23
i=254	twohundredandfiftyfour	length: 22
i=255	twohundredandfiftyfive	length: 22
i=256	twohundredandfiftysix	length: 21
i=257	twohundredandfiftyseven	length: 23
i=258	twohundredandfiftyeight	length: 23
i=259	twohundredandfiftynine	length: 22
i=260	twohundredandsixty	length: 18
i=261	twohundredandsixtyone	length: 21
i=262	twohundredandsixtytwo	length: 21
i=263	twohundredandsixtythree	length: 23
i=264	twohundredandsixtyfour	length: 22
i=265	twohundredandsixtyfive	length: 22
i=266	twohundredandsixtysix	length: 21
i=267	twohundredandsixtyseven	length: 23
i=268	twohundredandsixtyeight	length: 23
i=269	twohundredandsixtynine	length: 22
i=270	twohundredandseventy	length: 20
i=271	twohundredandseventyone	length: 23
i=272	twohundredandseventytwo	length: 23
i=273	twohundredandseventythree	length: 25
i=274	twohundredandseventyfour	length: 24
i=275	twohundredandseventyfive	length: 24
i=276	twohundredandseventysix	length: 23
i=277	twohundredandseventyseven	length: 25
i=278	twohundredandseventyeight	length: 25
i=279	twohundredandseventynine	length: 24
i=280	twohundredandeighty	length: 19
i=281	twohundredandeightyone	length: 22
i=282	twohundredandeightytwo	length: 22
i=283	twohundredandeightythree	length: 24
i=284	twohundredandeightyfour	length: 23
i=285	twohundredandeightyfive	length: 23
i=286	twohundredandeightysix	length: 22
i=287	twohundredandeightyseven	length: 24
i=288	twohundredandeightyeight	length: 24
i=289	twohundredandeightynine	length: 23
i=290	twohundredandninety	length: 19
i=291	twohundredandninetyone	length: 22
i=292	twohundredandninetytwo	length: 22
i=293	twohundredandninetythree	length: 24
i=294	twohundredandninetyfour	length: 23
i=295	twohundredandninetyfive	length: 23
i=296	twohundredandninetysix	length: 22
i=297	twohundredandninetyseven	length: 24
i=298	twohundredandninetyeight	length: 24
i=299	twohundredandninetynine	length: 23
i=300	threehundredand	length: 15
i=301	threehundredandone	length: 18
i=302	threehundredandtwo	length: 18
i=303	threehundredandthree	length: 20
i=304	threehundredandfour	length: 19
i=305	threehundredandfive	length: 19
i=306	threehundredandsix	length: 18
i=307	threehundredandseven	length: 20
i=308	threehundredandeight	length: 20
i=309	threehundredandnine	length: 19
i=310	threehundredandten	length: 18
i=311	threehundredandeleven	length: 21
i=312	threehundredandtwelve	length: 21
i=313	threehundredandthirteen	length: 23
i=314	threehundredandfourteen	length: 23
i=315	threehundredandfifteen	length: 22
i=316	threehundredandsixteen	length: 22
i=317	threehundredandseventeen	length: 24
i=318	threehundredandeighteen	length: 23
i=319	threehundredandnineteen	length: 23
i=320	threehundredandtwenty	length: 21
i=321	threehundredandtwentyone	length: 24
i=322	threehundredandtwentytwo	length: 24
i=323	threehundredandtwentythree	length: 26
i=324	threehundredandtwentyfour	length: 25
i=325	threehundredandtwentyfive	length: 25
i=326	threehundredandtwentysix	length: 24
i=327	threehundredandtwentyseven	length: 26
i=328	threehundredandtwentyeight	length: 26
i=329	threehundredandtwentynine	length: 25
i=330	threehundredandthirty	length: 21
i=331	threehundredandthirtyone	length: 24
i=332	threehundredandthirtytwo	length: 24
i=333	threehundredandthirtythree	length: 26
i=334	threehundredandthirtyfour	length: 25
i=335	threehundredandthirtyfive	length: 25
i=336	threehundredandthirtysix	length: 24
i=337	threehundredandthirtyseven	length: 26
i=338	threehundredandthirtyeight	length: 26
i=339	threehundredandthirtynine	length: 25
i=340	threehundredandforty	length: 20
i=341	threehundredandfortyone	length: 23
i=342	threehundredandfortytwo	length: 23
i=343	threehundredandfortythree	length: 25
i=344	threehundredandfortyfour	length: 24
i=345	threehundredandfortyfive	length: 24
i=346	threehundredandfortysix	length: 23
i=347	threehundredandfortyseven	length: 25
i=348	threehundredandfortyeight	length: 25
i=349	threehundredandfortynine	length: 24
i=350	threehundredandfifty	length: 20
i=351	threehundredandfiftyone	length: 23
i=352	threehundredandfiftytwo	length: 23
i=353	threehundredandfiftythree	length: 25
i=354	threehundredandfiftyfour	length: 24
i=355	threehundredandfiftyfive	length: 24
i=356	threehundredandfiftysix	length: 23
i=357	threehundredandfiftyseven	length: 25
i=358	threehundredandfiftyeight	length: 25
i=359	threehundredandfiftynine	length: 24
i=360	threehundredandsixty	length: 20
i=361	threehundredandsixtyone	length: 23
i=362	threehundredandsixtytwo	length: 23
i=363	threehundredandsixtythree	length: 25
i=364	threehundredandsixtyfour	length: 24
i=365	threehundredandsixtyfive	length: 24
i=366	threehundredandsixtysix	length: 23
i=367	threehundredandsixtyseven	length: 25
i=368	threehundredandsixtyeight	length: 25
i=369	threehundredandsixtynine	length: 24
i=370	threehundredandseventy	length: 22
i=371	threehundredandseventyone	length: 25
i=372	threehundredandseventytwo	length: 25
i=373	threehundredandseventythree	length: 27
i=374	threehundredandseventyfour	length: 26
i=375	threehundredandseventyfive	length: 26
i=376	threehundredandseventysix	length: 25
i=377	threehundredandseventyseven	length: 27
i=378	threehundredandseventyeight	length: 27
i=379	threehundredandseventynine	length: 26
i=380	threehundredandeighty	length: 21
i=381	threehundredandeightyone	length: 24
i=382	threehundredandeightytwo	length: 24
i=383	threehundredandeightythree	length: 26
i=384	threehundredandeightyfour	length: 25
i=385	threehundredandeightyfive	length: 25
i=386	threehundredandeightysix	length: 24
i=387	threehundredandeightyseven	length: 26
i=388	threehundredandeightyeight	length: 26
i=389	threehundredandeightynine	length: 25
i=390	threehundredandninety	length: 21
i=391	threehundredandninetyone	length: 24
i=392	threehundredandninetytwo	length: 24
i=393	threehundredandninetythree	length: 26
i=394	threehundredandninetyfour	length: 25
i=395	threehundredandninetyfive	length: 25
i=396	threehundredandninetysix	length: 24
i=397	threehundredandninetyseven	length: 26
i=398	threehundredandninetyeight	length: 26
i=399	threehundredandninetynine	length: 25
i=400	fourhundredand	length: 14
i=401	fourhundredandone	length: 17
i=402	fourhundredandtwo	length: 17
i=403	fourhundredandthree	length: 19
i=404	fourhundredandfour	length: 18
i=405	fourhundredandfive	length: 18
i=406	fourhundredandsix	length: 17
i=407	fourhundredandseven	length: 19
i=408	fourhundredandeight	length: 19
i=409	fourhundredandnine	length: 18
i=410	fourhundredandten	length: 17
i=411	fourhundredandeleven	length: 20
i=412	fourhundredandtwelve	length: 20
i=413	fourhundredandthirteen	length: 22
i=414	fourhundredandfourteen	length: 22
i=415	fourhundredandfifteen	length: 21
i=416	fourhundredandsixteen	length: 21
i=417	fourhundredandseventeen	length: 23
i=418	fourhundredandeighteen	length: 22
i=419	fourhundredandnineteen	length: 22
i=420	fourhundredandtwenty	length: 20
i=421	fourhundredandtwentyone	length: 23
i=422	fourhundredandtwentytwo	length: 23
i=423	fourhundredandtwentythree	length: 25
i=424	fourhundredandtwentyfour	length: 24
i=425	fourhundredandtwentyfive	length: 24
i=426	fourhundredandtwentysix	length: 23
i=427	fourhundredandtwentyseven	length: 25
i=428	fourhundredandtwentyeight	length: 25
i=429	fourhundredandtwentynine	length: 24
i=430	fourhundredandthirty	length: 20
i=431	fourhundredandthirtyone	length: 23
i=432	fourhundredandthirtytwo	length: 23
i=433	fourhundredandthirtythree	length: 25
i=434	fourhundredandthirtyfour	length: 24
i=435	fourhundredandthirtyfive	length: 24
i=436	fourhundredandthirtysix	length: 23
i=437	fourhundredandthirtyseven	length: 25
i=438	fourhundredandthirtyeight	length: 25
i=439	fourhundredandthirtynine	length: 24
i=440	fourhundredandforty	length: 19
i=441	fourhundredandfortyone	length: 22
i=442	fourhundredandfortytwo	length: 22
i=443	fourhundredandfortythree	length: 24
i=444	fourhundredandfortyfour	length: 23
i=445	fourhundredandfortyfive	length: 23
i=446	fourhundredandfortysix	length: 22
i=447	fourhundredandfortyseven	length: 24
i=448	fourhundredandfortyeight	length: 24
i=449	fourhundredandfortynine	length: 23
i=450	fourhundredandfifty	length: 19
i=451	fourhundredandfiftyone	length: 22
i=452	fourhundredandfiftytwo	length: 22
i=453	fourhundredandfiftythree	length: 24
i=454	fourhundredandfiftyfour	length: 23
i=455	fourhundredandfiftyfive	length: 23
i=456	fourhundredandfiftysix	length: 22
i=457	fourhundredandfiftyseven	length: 24
i=458	fourhundredandfiftyeight	length: 24
i=459	fourhundredandfiftynine	length: 23
i=460	fourhundredandsixty	length: 19
i=461	fourhundredandsixtyone	length: 22
i=462	fourhundredandsixtytwo	length: 22
i=463	fourhundredandsixtythree	length: 24
i=464	fourhundredandsixtyfour	length: 23
i=465	fourhundredandsixtyfive	length: 23
i=466	fourhundredandsixtysix	length: 22
i=467	fourhundredandsixtyseven	length: 24
i=468	fourhundredandsixtyeight	length: 24
i=469	fourhundredandsixtynine	length: 23
i=470	fourhundredandseventy	length: 21
i=471	fourhundredandseventyone	length: 24
i=472	fourhundredandseventytwo	length: 24
i=473	fourhundredandseventythree	length: 26
i=474	fourhundredandseventyfour	length: 25
i=475	fourhundredandseventyfive	length: 25
i=476	fourhundredandseventysix	length: 24
i=477	fourhundredandseventyseven	length: 26
i=478	fourhundredandseventyeight	length: 26
i=479	fourhundredandseventynine	length: 25
i=480	fourhundredandeighty	length: 20
i=481	fourhundredandeightyone	length: 23
i=482	fourhundredandeightytwo	length: 23
i=483	fourhundredandeightythree	length: 25
i=484	fourhundredandeightyfour	length: 24
i=485	fourhundredandeightyfive	length: 24
i=486	fourhundredandeightysix	length: 23
i=487	fourhundredandeightyseven	length: 25
i=488	fourhundredandeightyeight	length: 25
i=489	fourhundredandeightynine	length: 24
i=490	fourhundredandninety	length: 20
i=491	fourhundredandninetyone	length: 23
i=492	fourhundredandninetytwo	length: 23
i=493	fourhundredandninetythree	length: 25
i=494	fourhundredandninetyfour	length: 24
i=495	fourhundredandninetyfive	length: 24
i=496	fourhundredandninetysix	length: 23
i=497	fourhundredandninetyseven	length: 25
i=498	fourhundredandninetyeight	length: 25
i=499	fourhundredandninetynine	length: 24
i=500	fivehundredand	length: 14
i=501	fivehundredandone	length: 17
i=502	fivehundredandtwo	length: 17
i=503	fivehundredandthree	length: 19
i=504	fivehundredandfour	length: 18
i=505	fivehundredandfive	length: 18
i=506	fivehundredandsix	length: 17
i=507	fivehundredandseven	length: 19
i=508	fivehundredandeight	length: 19
i=509	fivehundredandnine	length: 18
i=510	fivehundredandten	length: 17
i=511	fivehundredandeleven	length: 20
i=512	fivehundredandtwelve	length: 20
i=513	fivehundredandthirteen	length: 22
i=514	fivehundredandfourteen	length: 22
i=515	fivehundredandfifteen	length: 21
i=516	fivehundredandsixteen	length: 21
i=517	fivehundredandseventeen	length: 23
i=518	fivehundredandeighteen	length: 22
i=519	fivehundredandnineteen	length: 22
i=520	fivehundredandtwenty	length: 20
i=521	fivehundredandtwentyone	length: 23
i=522	fivehundredandtwentytwo	length: 23
i=523	fivehundredandtwentythree	length: 25
i=524	fivehundredandtwentyfour	length: 24
i=525	fivehundredandtwentyfive	length: 24
i=526	fivehundredandtwentysix	length: 23
i=527	fivehundredandtwentyseven	length: 25
i=528	fivehundredandtwentyeight	length: 25
i=529	fivehundredandtwentynine	length: 24
i=530	fivehundredandthirty	length: 20
i=531	fivehundredandthirtyone	length: 23
i=532	fivehundredandthirtytwo	length: 23
i=533	fivehundredandthirtythree	length: 25
i=534	fivehundredandthirtyfour	length: 24
i=535	fivehundredandthirtyfive	length: 24
i=536	fivehundredandthirtysix	length: 23
i=537	fivehundredandthirtyseven	length: 25
i=538	fivehundredandthirtyeight	length: 25
i=539	fivehundredandthirtynine	length: 24
i=540	fivehundredandforty	length: 19
i=541	fivehundredandfortyone	length: 22
i=542	fivehundredandfortytwo	length: 22
i=543	fivehundredandfortythree	length: 24
i=544	fivehundredandfortyfour	length: 23
i=545	fivehundredandfortyfive	length: 23
i=546	fivehundredandfortysix	length: 22
i=547	fivehundredandfortyseven	length: 24
i=548	fivehundredandfortyeight	length: 24
i=549	fivehundredandfortynine	length: 23
i=550	fivehundredandfifty	length: 19
i=551	fivehundredandfiftyone	length: 22
i=552	fivehundredandfiftytwo	length: 22
i=553	fivehundredandfiftythree	length: 24
i=554	fivehundredandfiftyfour	length: 23
i=555	fivehundredandfiftyfive	length: 23
i=556	fivehundredandfiftysix	length: 22
i=557	fivehundredandfiftyseven	length: 24
i=558	fivehundredandfiftyeight	length: 24
i=559	fivehundredandfiftynine	length: 23
i=560	fivehundredandsixty	length: 19
i=561	fivehundredandsixtyone	length: 22
i=562	fivehundredandsixtytwo	length: 22
i=563	fivehundredandsixtythree	length: 24
i=564	fivehundredandsixtyfour	length: 23
i=565	fivehundredandsixtyfive	length: 23
i=566	fivehundredandsixtysix	length: 22
i=567	fivehundredandsixtyseven	length: 24
i=568	fivehundredandsixtyeight	length: 24
i=569	fivehundredandsixtynine	length: 23
i=570	fivehundredandseventy	length: 21
i=571	fivehundredandseventyone	length: 24
i=572	fivehundredandseventytwo	length: 24
i=573	fivehundredandseventythree	length: 26
i=574	fivehundredandseventyfour	length: 25
i=575	fivehundredandseventyfive	length: 25
i=576	fivehundredandseventysix	length: 24
i=577	fivehundredandseventyseven	length: 26
i=578	fivehundredandseventyeight	length: 26
i=579	fivehundredandseventynine	length: 25
i=580	fivehundredandeighty	length: 20
i=581	fivehundredandeightyone	length: 23
i=582	fivehundredandeightytwo	length: 23
i=583	fivehundredandeightythree	length: 25
i=584	fivehundredandeightyfour	length: 24
i=585	fivehundredandeightyfive	length: 24
i=586	fivehundredandeightysix	length: 23
i=587	fivehundredandeightyseven	length: 25
i=588	fivehundredandeightyeight	length: 25
i=589	fivehundredandeightynine	length: 24
i=590	fivehundredandninety	length: 20
i=591	fivehundredandninetyone	length: 23
i=592	fivehundredandninetytwo	length: 23
i=593	fivehundredandninetythree	length: 25
i=594	fivehundredandninetyfour	length: 24
i=595	fivehundredandninetyfive	length: 24
i=596	fivehundredandninetysix	length: 23
i=597	fivehundredandninetyseven	length: 25
i=598	fivehundredandninetyeight	length: 25
i=599	fivehundredandninetynine	length: 24
i=600	sixhundredand	length: 13
i=601	sixhundredandone	length: 16
i=602	sixhundredandtwo	length: 16
i=603	sixhundredandthree	length: 18
i=604	sixhundredandfour	length: 17
i=605	sixhundredandfive	length: 17
i=606	sixhundredandsix	length: 16
i=607	sixhundredandseven	length: 18
i=608	sixhundredandeight	length: 18
i=609	sixhundredandnine	length: 17
i=610	sixhundredandten	length: 16
i=611	sixhundredandeleven	length: 19
i=612	sixhundredandtwelve	length: 19
i=613	sixhundredandthirteen	length: 21
i=614	sixhundredandfourteen	length: 21
i=615	sixhundredandfifteen	length: 20
i=616	sixhundredandsixteen	length: 20
i=617	sixhundredandseventeen	length: 22
i=618	sixhundredandeighteen	length: 21
i=619	sixhundredandnineteen	length: 21
i=620	sixhundredandtwenty	length: 19
i=621	sixhundredandtwentyone	length: 22
i=622	sixhundredandtwentytwo	length: 22
i=623	sixhundredandtwentythree	length: 24
i=624	sixhundredandtwentyfour	length: 23
i=625	sixhundredandtwentyfive	length: 23
i=626	sixhundredandtwentysix	length: 22
i=627	sixhundredandtwentyseven	length: 24
i=628	sixhundredandtwentyeight	length: 24
i=629	sixhundredandtwentynine	length: 23
i=630	sixhundredandthirty	length: 19
i=631	sixhundredandthirtyone	length: 22
i=632	sixhundredandthirtytwo	length: 22
i=633	sixhundredandthirtythree	length: 24
i=634	sixhundredandthirtyfour	length: 23
i=635	sixhundredandthirtyfive	length: 23
i=636	sixhundredandthirtysix	length: 22
i=637	sixhundredandthirtyseven	length: 24
i=638	sixhundredandthirtyeight	length: 24
i=639	sixhundredandthirtynine	length: 23
i=640	sixhundredandforty	length: 18
i=641	sixhundredandfortyone	length: 21
i=642	sixhundredandfortytwo	length: 21
i=643	sixhundredandfortythree	length: 23
i=644	sixhundredandfortyfour	length: 22
i=645	sixhundredandfortyfive	length: 22
i=646	sixhundredandfortysix	length: 21
i=647	sixhundredandfortyseven	length: 23
i=648	sixhundredandfortyeight	length: 23
i=649	sixhundredandfortynine	length: 22
i=650	sixhundredandfifty	length: 18
i=651	sixhundredandfiftyone	length: 21
i=652	sixhundredandfiftytwo	length: 21
i=653	sixhundredandfiftythree	length: 23
i=654	sixhundredandfiftyfour	length: 22
i=655	sixhundredandfiftyfive	length: 22
i=656	sixhundredandfiftysix	length: 21
i=657	sixhundredandfiftyseven	length: 23
i=658	sixhundredandfiftyeight	length: 23
i=659	sixhundredandfiftynine	length: 22
i=660	sixhundredandsixty	length: 18
i=661	sixhundredandsixtyone	length: 21
i=662	sixhundredandsixtytwo	length: 21
i=663	sixhundredandsixtythree	length: 23
i=664	sixhundredandsixtyfour	length: 22
i=665	sixhundredandsixtyfive	length: 22
i=666	sixhundredandsixtysix	length: 21
i=667	sixhundredandsixtyseven	length: 23
i=668	sixhundredandsixtyeight	length: 23
i=669	sixhundredandsixtynine	length: 22
i=670	sixhundredandseventy	length: 20
i=671	sixhundredandseventyone	length: 23
i=672	sixhundredandseventytwo	length: 23
i=673	sixhundredandseventythree	length: 25
i=674	sixhundredandseventyfour	length: 24
i=675	sixhundredandseventyfive	length: 24
i=676	sixhundredandseventysix	length: 23
i=677	sixhundredandseventyseven	length: 25
i=678	sixhundredandseventyeight	length: 25
i=679	sixhundredandseventynine	length: 24
i=680	sixhundredandeighty	length: 19
i=681	sixhundredandeightyone	length: 22
i=682	sixhundredandeightytwo	length: 22
i=683	sixhundredandeightythree	length: 24
i=684	sixhundredandeightyfour	length: 23
i=685	sixhundredandeightyfive	length: 23
i=686	sixhundredandeightysix	length: 22
i=687	sixhundredandeightyseven	length: 24
i=688	sixhundredandeightyeight	length: 24
i=689	sixhundredandeightynine	length: 23
i=690	sixhundredandninety	length: 19
i=691	sixhundredandninetyone	length: 22
i=692	sixhundredandninetytwo	length: 22
i=693	sixhundredandninetythree	length: 24
i=694	sixhundredandninetyfour	length: 23
i=695	sixhundredandninetyfive	length: 23
i=696	sixhundredandninetysix	length: 22
i=697	sixhundredandninetyseven	length: 24
i=698	sixhundredandninetyeight	length: 24
i=699	sixhundredandninetynine	length: 23
i=700	sevenhundredand	length: 15
i=701	sevenhundredandone	length: 18
i=702	sevenhundredandtwo	length: 18
i=703	sevenhundredandthree	length: 20
i=704	sevenhundredandfour	length: 19
i=705	sevenhundredandfive	length: 19
i=706	sevenhundredandsix	length: 18
i=707	sevenhundredandseven	length: 20
i=708	sevenhundredandeight	length: 20
i=709	sevenhundredandnine	length: 19
i=710	sevenhundredandten	length: 18
i=711	sevenhundredandeleven	length: 21
i=712	sevenhundredandtwelve	length: 21
i=713	sevenhundredandthirteen	length: 23
i=714	sevenhundredandfourteen	length: 23
i=715	sevenhundredandfifteen	length: 22
i=716	sevenhundredandsixteen	length: 22
i=717	sevenhundredandseventeen	length: 24
i=718	sevenhundredandeighteen	length: 23
i=719	sevenhundredandnineteen	length: 23
i=720	sevenhundredandtwenty	length: 21
i=721	sevenhundredandtwentyone	length: 24
i=722	sevenhundredandtwentytwo	length: 24
i=723	sevenhundredandtwentythree	length: 26
i=724	sevenhundredandtwentyfour	length: 25
i=725	sevenhundredandtwentyfive	length: 25
i=726	sevenhundredandtwentysix	length: 24
i=727	sevenhundredandtwentyseven	length: 26
i=728	sevenhundredandtwentyeight	length: 26
i=729	sevenhundredandtwentynine	length: 25
i=730	sevenhundredandthirty	length: 21
i=731	sevenhundredandthirtyone	length: 24
i=732	sevenhundredandthirtytwo	length: 24
i=733	sevenhundredandthirtythree	length: 26
i=734	sevenhundredandthirtyfour	length: 25
i=735	sevenhundredandthirtyfive	length: 25
i=736	sevenhundredandthirtysix	length: 24
i=737	sevenhundredandthirtyseven	length: 26
i=738	sevenhundredandthirtyeight	length: 26
i=739	sevenhundredandthirtynine	length: 25
i=740	sevenhundredandforty	length: 20
i=741	sevenhundredandfortyone	length: 23
i=742	sevenhundredandfortytwo	length: 23
i=743	sevenhundredandfortythree	length: 25
i=744	sevenhundredandfortyfour	length: 24
i=745	sevenhundredandfortyfive	length: 24
i=746	sevenhundredandfortysix	length: 23
i=747	sevenhundredandfortyseven	length: 25
i=748	sevenhundredandfortyeight	length: 25
i=749	sevenhundredandfortynine	length: 24
i=750	sevenhundredandfifty	length: 20
i=751	sevenhundredandfiftyone	length: 23
i=752	sevenhundredandfiftytwo	length: 23
i=753	sevenhundredandfiftythree	length: 25
i=754	sevenhundredandfiftyfour	length: 24
i=755	sevenhundredandfiftyfive	length: 24
i=756	sevenhundredandfiftysix	length: 23
i=757	sevenhundredandfiftyseven	length: 25
i=758	sevenhundredandfiftyeight	length: 25
i=759	sevenhundredandfiftynine	length: 24
i=760	sevenhundredandsixty	length: 20
i=761	sevenhundredandsixtyone	length: 23
i=762	sevenhundredandsixtytwo	length: 23
i=763	sevenhundredandsixtythree	length: 25
i=764	sevenhundredandsixtyfour	length: 24
i=765	sevenhundredandsixtyfive	length: 24
i=766	sevenhundredandsixtysix	length: 23
i=767	sevenhundredandsixtyseven	length: 25
i=768	sevenhundredandsixtyeight	length: 25
i=769	sevenhundredandsixtynine	length: 24
i=770	sevenhundredandseventy	length: 22
i=771	sevenhundredandseventyone	length: 25
i=772	sevenhundredandseventytwo	length: 25
i=773	sevenhundredandseventythree	length: 27
i=774	sevenhundredandseventyfour	length: 26
i=775	sevenhundredandseventyfive	length: 26
i=776	sevenhundredandseventysix	length: 25
i=777	sevenhundredandseventyseven	length: 27
i=778	sevenhundredandseventyeight	length: 27
i=779	sevenhundredandseventynine	length: 26
i=780	sevenhundredandeighty	length: 21
i=781	sevenhundredandeightyone	length: 24
i=782	sevenhundredandeightytwo	length: 24
i=783	sevenhundredandeightythree	length: 26
i=784	sevenhundredandeightyfour	length: 25
i=785	sevenhundredandeightyfive	length: 25
i=786	sevenhundredandeightysix	length: 24
i=787	sevenhundredandeightyseven	length: 26
i=788	sevenhundredandeightyeight	length: 26
i=789	sevenhundredandeightynine	length: 25
i=790	sevenhundredandninety	length: 21
i=791	sevenhundredandninetyone	length: 24
i=792	sevenhundredandninetytwo	length: 24
i=793	sevenhundredandninetythree	length: 26
i=794	sevenhundredandninetyfour	length: 25
i=795	sevenhundredandninetyfive	length: 25
i=796	sevenhundredandninetysix	length: 24
i=797	sevenhundredandninetyseven	length: 26
i=798	sevenhundredandninetyeight	length: 26
i=799	sevenhundredandninetynine	length: 25
i=800	eighthundredand	length: 15
i=801	eighthundredandone	length: 18
i=802	eighthundredandtwo	length: 18
i=803	eighthundredandthree	length: 20
i=804	eighthundredandfour	length: 19
i=805	eighthundredandfive	length: 19
i=806	eighthundredandsix	length: 18
i=807	eighthundredandseven	length: 20
i=808	eighthundredandeight	length: 20
i=809	eighthundredandnine	length: 19
i=810	eighthundredandten	length: 18
i=811	eighthundredandeleven	length: 21
i=812	eighthundredandtwelve	length: 21
i=813	eighthundredandthirteen	length: 23
i=814	eighthundredandfourteen	length: 23
i=815	eighthundredandfifteen	length: 22
i=816	eighthundredandsixteen	length: 22
i=817	eighthundredandseventeen	length: 24
i=818	eighthundredandeighteen	length: 23
i=819	eighthundredandnineteen	length: 23
i=820	eighthundredandtwenty	length: 21
i=821	eighthundredandtwentyone	length: 24
i=822	eighthundredandtwentytwo	length: 24
i=823	eighthundredandtwentythree	length: 26
i=824	eighthundredandtwentyfour	length: 25
i=825	eighthundredandtwentyfive	length: 25
i=826	eighthundredandtwentysix	length: 24
i=827	eighthundredandtwentyseven	length: 26
i=828	eighthundredandtwentyeight	length: 26
i=829	eighthundredandtwentynine	length: 25
i=830	eighthundredandthirty	length: 21
i=831	eighthundredandthirtyone	length: 24
i=832	eighthundredandthirtytwo	length: 24
i=833	eighthundredandthirtythree	length: 26
i=834	eighthundredandthirtyfour	length: 25
i=835	eighthundredandthirtyfive	length: 25
i=836	eighthundredandthirtysix	length: 24
i=837	eighthundredandthirtyseven	length: 26
i=838	eighthundredandthirtyeight	length: 26
i=839	eighthundredandthirtynine	length: 25
i=840	eighthundredandforty	length: 20
i=841	eighthundredandfortyone	length: 23
i=842	eighthundredandfortytwo	length: 23
i=843	eighthundredandfortythree	length: 25
i=844	eighthundredandfortyfour	length: 24
i=845	eighthundredandfortyfive	length: 24
i=846	eighthundredandfortysix	length: 23
i=847	eighthundredandfortyseven	length: 25
i=848	eighthundredandfortyeight	length: 25
i=849	eighthundredandfortynine	length: 24
i=850	eighthundredandfifty	length: 20
i=851	eighthundredandfiftyone	length: 23
i=852	eighthundredandfiftytwo	length: 23
i=853	eighthundredandfiftythree	length: 25
i=854	eighthundredandfiftyfour	length: 24
i=855	eighthundredandfiftyfive	length: 24
i=856	eighthundredandfiftysix	length: 23
i=857	eighthundredandfiftyseven	length: 25
i=858	eighthundredandfiftyeight	length: 25
i=859	eighthundredandfiftynine	length: 24
i=860	eighthundredandsixty	length: 20
i=861	eighthundredandsixtyone	length: 23
i=862	eighthundredandsixtytwo	length: 23
i=863	eighthundredandsixtythree	length: 25
i=864	eighthundredandsixtyfour	length: 24
i=865	eighthundredandsixtyfive	length: 24
i=866	eighthundredandsixtysix	length: 23
i=867	eighthundredandsixtyseven	length: 25
i=868	eighthundredandsixtyeight	length: 25
i=869	eighthundredandsixtynine	length: 24
i=870	eighthundredandseventy	length: 22
i=871	eighthundredandseventyone	length: 25
i=872	eighthundredandseventytwo	length: 25
i=873	eighthundredandseventythree	length: 27
i=874	eighthundredandseventyfour	length: 26
i=875	eighthundredandseventyfive	length: 26
i=876	eighthundredandseventysix	length: 25
i=877	eighthundredandseventyseven	length: 27
i=878	eighthundredandseventyeight	length: 27
i=879	eighthundredandseventynine	length: 26
i=880	eighthundredandeighty	length: 21
i=881	eighthundredandeightyone	length: 24
i=882	eighthundredandeightytwo	length: 24
i=883	eighthundredandeightythree	length: 26
i=884	eighthundredandeightyfour	length: 25
i=885	eighthundredandeightyfive	length: 25
i=886	eighthundredandeightysix	length: 24
i=887	eighthundredandeightyseven	length: 26
i=888	eighthundredandeightyeight	length: 26
i=889	eighthundredandeightynine	length: 25
i=890	eighthundredandninety	length: 21
i=891	eighthundredandninetyone	length: 24
i=892	eighthundredandninetytwo	length: 24
i=893	eighthundredandninetythree	length: 26
i=894	eighthundredandninetyfour	length: 25
i=895	eighthundredandninetyfive	length: 25
i=896	eighthundredandninetysix	length: 24
i=897	eighthundredandninetyseven	length: 26
i=898	eighthundredandninetyeight	length: 26
i=899	eighthundredandninetynine	length: 25
i=900	ninehundredand	length: 14
i=901	ninehundredandone	length: 17
i=902	ninehundredandtwo	length: 17
i=903	ninehundredandthree	length: 19
i=904	ninehundredandfour	length: 18
i=905	ninehundredandfive	length: 18
i=906	ninehundredandsix	length: 17
i=907	ninehundredandseven	length: 19
i=908	ninehundredandeight	length: 19
i=909	ninehundredandnine	length: 18
i=910	ninehundredandten	length: 17
i=911	ninehundredandeleven	length: 20
i=912	ninehundredandtwelve	length: 20
i=913	ninehundredandthirteen	length: 22
i=914	ninehundredandfourteen	length: 22
i=915	ninehundredandfifteen	length: 21
i=916	ninehundredandsixteen	length: 21
i=917	ninehundredandseventeen	length: 23
i=918	ninehundredandeighteen	length: 22
i=919	ninehundredandnineteen	length: 22
i=920	ninehundredandtwenty	length: 20
i=921	ninehundredandtwentyone	length: 23
i=922	ninehundredandtwentytwo	length: 23
i=923	ninehundredandtwentythree	length: 25
i=924	ninehundredandtwentyfour	length: 24
i=925	ninehundredandtwentyfive	length: 24
i=926	ninehundredandtwentysix	length: 23
i=927	ninehundredandtwentyseven	length: 25
i=928	ninehundredandtwentyeight	length: 25
i=929	ninehundredandtwentynine	length: 24
i=930	ninehundredandthirty	length: 20
i=931	ninehundredandthirtyone	length: 23
i=932	ninehundredandthirtytwo	length: 23
i=933	ninehundredandthirtythree	length: 25
i=934	ninehundredandthirtyfour	length: 24
i=935	ninehundredandthirtyfive	length: 24
i=936	ninehundredandthirtysix	length: 23
i=937	ninehundredandthirtyseven	length: 25
i=938	ninehundredandthirtyeight	length: 25
i=939	ninehundredandthirtynine	length: 24
i=940	ninehundredandforty	length: 19
i=941	ninehundredandfortyone	length: 22
i=942	ninehundredandfortytwo	length: 22
i=943	ninehundredandfortythree	length: 24
i=944	ninehundredandfortyfour	length: 23
i=945	ninehundredandfortyfive	length: 23
i=946	ninehundredandfortysix	length: 22
i=947	ninehundredandfortyseven	length: 24
i=948	ninehundredandfortyeight	length: 24
i=949	ninehundredandfortynine	length: 23
i=950	ninehundredandfifty	length: 19
i=951	ninehundredandfiftyone	length: 22
i=952	ninehundredandfiftytwo	length: 22
i=953	ninehundredandfiftythree	length: 24
i=954	ninehundredandfiftyfour	length: 23
i=955	ninehundredandfiftyfive	length: 23
i=956	ninehundredandfiftysix	length: 22
i=957	ninehundredandfiftyseven	length: 24
i=958	ninehundredandfiftyeight	length: 24
i=959	ninehundredandfiftynine	length: 23
i=960	ninehundredandsixty	length: 19
i=961	ninehundredandsixtyone	length: 22
i=962	ninehundredandsixtytwo	length: 22
i=963	ninehundredandsixtythree	length: 24
i=964	ninehundredandsixtyfour	length: 23
i=965	ninehundredandsixtyfive	length: 23
i=966	ninehundredandsixtysix	length: 22
i=967	ninehundredandsixtyseven	length: 24
i=968	ninehundredandsixtyeight	length: 24
i=969	ninehundredandsixtynine	length: 23
i=970	ninehundredandseventy	length: 21
i=971	ninehundredandseventyone	length: 24
i=972	ninehundredandseventytwo	length: 24
i=973	ninehundredandseventythree	length: 26
i=974	ninehundredandseventyfour	length: 25
i=975	ninehundredandseventyfive	length: 25
i=976	ninehundredandseventysix	length: 24
i=977	ninehundredandseventyseven	length: 26
i=978	ninehundredandseventyeight	length: 26
i=979	ninehundredandseventynine	length: 25
i=980	ninehundredandeighty	length: 20
i=981	ninehundredandeightyone	length: 23
i=982	ninehundredandeightytwo	length: 23
i=983	ninehundredandeightythree	length: 25
i=984	ninehundredandeightyfour	length: 24
i=985	ninehundredandeightyfive	length: 24
i=986	ninehundredandeightysix	length: 23
i=987	ninehundredandeightyseven	length: 25
i=988	ninehundredandeightyeight	length: 25
i=989	ninehundredandeightynine	length: 24
i=990	ninehundredandninety	length: 20
i=991	ninehundredandninetyone	length: 23
i=992	ninehundredandninetytwo	length: 23
i=993	ninehundredandninetythree	length: 25
i=994	ninehundredandninetyfour	length: 24
i=995	ninehundredandninetyfive	length: 24
i=996	ninehundredandninetysix	length: 23
i=997	ninehundredandninetyseven	length: 25
i=998	ninehundredandninetyeight	length: 25
i=999	ninehundredandninetynine	length: 24
i=1000	onethousand	length: 11
The answer is 21151
