(0,0,0) curr: 08
(0,0,1) curr: 02
(0,0,2) curr: 22
(0,0,3) curr: 97
**AFTER ROW 0 AND COL 0 CURR PROD IS 97 MAX PRODUCT IS 97
(0,1,0) curr: 02
(0,1,1) curr: 22
(0,1,2) curr: 97
(0,1,3) curr: 38
**AFTER ROW 0 AND COL 1 CURR PROD IS 38 MAX PRODUCT IS 97
(0,2,0) curr: 22
(0,2,1) curr: 97
(0,2,2) curr: 38
(0,2,3) curr: 15
**AFTER ROW 0 AND COL 2 CURR PROD IS 15 MAX PRODUCT IS 97
(0,3,0) curr: 97
(0,3,1) curr: 38
(0,3,2) curr: 15
(0,3,3) curr: 00
**AFTER ROW 0 AND COL 3 CURR PROD IS 00 MAX PRODUCT IS 97
(0,4,0) curr: 38
(0,4,1) curr: 15
(0,4,2) curr: 00
(0,4,3) curr: 40
**AFTER ROW 0 AND COL 4 CURR PROD IS 40 MAX PRODUCT IS 97
(0,5,0) curr: 15
(0,5,1) curr: 00
(0,5,2) curr: 40
(0,5,3) curr: 00
**AFTER ROW 0 AND COL 5 CURR PROD IS 00 MAX PRODUCT IS 97
(0,6,0) curr: 00
(0,6,1) curr: 40
(0,6,2) curr: 00
(0,6,3) curr: 75
**AFTER ROW 0 AND COL 6 CURR PROD IS 75 MAX PRODUCT IS 97
(0,7,0) curr: 40
(0,7,1) curr: 00
(0,7,2) curr: 75
(0,7,3) curr: 04
**AFTER ROW 0 AND COL 7 CURR PROD IS 04 MAX PRODUCT IS 97
(0,8,0) curr: 00
(0,8,1) curr: 75
(0,8,2) curr: 04
(0,8,3) curr: 05
**AFTER ROW 0 AND COL 8 CURR PROD IS 05 MAX PRODUCT IS 97
(0,9,0) curr: 75
(0,9,1) curr: 04
(0,9,2) curr: 05
(0,9,3) curr: 07
**AFTER ROW 0 AND COL 9 CURR PROD IS 07 MAX PRODUCT IS 97
(0,10,0) curr: 04
(0,10,1) curr: 05
(0,10,2) curr: 07
(0,10,3) curr: 78
**AFTER ROW 0 AND COL 10 CURR PROD IS 78 MAX PRODUCT IS 97
(0,11,0) curr: 05
(0,11,1) curr: 07
(0,11,2) curr: 78
(0,11,3) curr: 52
**AFTER ROW 0 AND COL 11 CURR PROD IS 52 MAX PRODUCT IS 97
(0,12,0) curr: 07
(0,12,1) curr: 78
(0,12,2) curr: 52
(0,12,3) curr: 12
**AFTER ROW 0 AND COL 12 CURR PROD IS 12 MAX PRODUCT IS 97
(0,13,0) curr: 78
(0,13,1) curr: 52
(0,13,2) curr: 12
(0,13,3) curr: 50
**AFTER ROW 0 AND COL 13 CURR PROD IS 50 MAX PRODUCT IS 97
(0,14,0) curr: 52
(0,14,1) curr: 12
(0,14,2) curr: 50
(0,14,3) curr: 77
**AFTER ROW 0 AND COL 14 CURR PROD IS 77 MAX PRODUCT IS 97
(0,15,0) curr: 12
(0,15,1) curr: 50
(0,15,2) curr: 77
(0,15,3) curr: 91
**AFTER ROW 0 AND COL 15 CURR PROD IS 91 MAX PRODUCT IS 97
(1,0,0) curr: 49
(1,0,1) curr: 49
(1,0,2) curr: 99
(1,0,3) curr: 40
**AFTER ROW 1 AND COL 0 CURR PROD IS 40 MAX PRODUCT IS 97
(1,1,0) curr: 49
(1,1,1) curr: 99
(1,1,2) curr: 40
(1,1,3) curr: 17
**AFTER ROW 1 AND COL 1 CURR PROD IS 17 MAX PRODUCT IS 97
(1,2,0) curr: 99
(1,2,1) curr: 40
(1,2,2) curr: 17
(1,2,3) curr: 81
**AFTER ROW 1 AND COL 2 CURR PROD IS 81 MAX PRODUCT IS 97
(1,3,0) curr: 40
(1,3,1) curr: 17
(1,3,2) curr: 81
(1,3,3) curr: 18
**AFTER ROW 1 AND COL 3 CURR PROD IS 18 MAX PRODUCT IS 97
(1,4,0) curr: 17
(1,4,1) curr: 81
(1,4,2) curr: 18
(1,4,3) curr: 57
**AFTER ROW 1 AND COL 4 CURR PROD IS 57 MAX PRODUCT IS 97
(1,5,0) curr: 81
(1,5,1) curr: 18
(1,5,2) curr: 57
(1,5,3) curr: 60
**AFTER ROW 1 AND COL 5 CURR PROD IS 60 MAX PRODUCT IS 97
(1,6,0) curr: 18
(1,6,1) curr: 57
(1,6,2) curr: 60
(1,6,3) curr: 87
**AFTER ROW 1 AND COL 6 CURR PROD IS 87 MAX PRODUCT IS 97
(1,7,0) curr: 57
(1,7,1) curr: 60
(1,7,2) curr: 87
(1,7,3) curr: 17
**AFTER ROW 1 AND COL 7 CURR PROD IS 17 MAX PRODUCT IS 97
(1,8,0) curr: 60
(1,8,1) curr: 87
(1,8,2) curr: 17
(1,8,3) curr: 40
**AFTER ROW 1 AND COL 8 CURR PROD IS 40 MAX PRODUCT IS 97
(1,9,0) curr: 87
(1,9,1) curr: 17
(1,9,2) curr: 40
(1,9,3) curr: 98
**AFTER ROW 1 AND COL 9 CURR PROD IS 98 MAX PRODUCT IS 98
(1,10,0) curr: 17
(1,10,1) curr: 40
(1,10,2) curr: 98
(1,10,3) curr: 43
**AFTER ROW 1 AND COL 10 CURR PROD IS 43 MAX PRODUCT IS 98
(1,11,0) curr: 40
(1,11,1) curr: 98
(1,11,2) curr: 43
(1,11,3) curr: 69
**AFTER ROW 1 AND COL 11 CURR PROD IS 69 MAX PRODUCT IS 98
(1,12,0) curr: 98
(1,12,1) curr: 43
(1,12,2) curr: 69
(1,12,3) curr: 48
**AFTER ROW 1 AND COL 12 CURR PROD IS 48 MAX PRODUCT IS 98
(1,13,0) curr: 43
(1,13,1) curr: 69
(1,13,2) curr: 48
(1,13,3) curr: 04
**AFTER ROW 1 AND COL 13 CURR PROD IS 04 MAX PRODUCT IS 98
(1,14,0) curr: 69
(1,14,1) curr: 48
(1,14,2) curr: 04
(1,14,3) curr: 56
**AFTER ROW 1 AND COL 14 CURR PROD IS 56 MAX PRODUCT IS 98
(1,15,0) curr: 48
(1,15,1) curr: 04
(1,15,2) curr: 56
(1,15,3) curr: 62
**AFTER ROW 1 AND COL 15 CURR PROD IS 62 MAX PRODUCT IS 98
(2,0,0) curr: 81
(2,0,1) curr: 49
(2,0,2) curr: 31
(2,0,3) curr: 73
**AFTER ROW 2 AND COL 0 CURR PROD IS 73 MAX PRODUCT IS 98
(2,1,0) curr: 49
(2,1,1) curr: 31
(2,1,2) curr: 73
(2,1,3) curr: 55
**AFTER ROW 2 AND COL 1 CURR PROD IS 55 MAX PRODUCT IS 98
(2,2,0) curr: 31
(2,2,1) curr: 73
(2,2,2) curr: 55
(2,2,3) curr: 79
**AFTER ROW 2 AND COL 2 CURR PROD IS 79 MAX PRODUCT IS 98
(2,3,0) curr: 73
(2,3,1) curr: 55
(2,3,2) curr: 79
(2,3,3) curr: 14
**AFTER ROW 2 AND COL 3 CURR PROD IS 14 MAX PRODUCT IS 98
(2,4,0) curr: 55
(2,4,1) curr: 79
(2,4,2) curr: 14
(2,4,3) curr: 29
**AFTER ROW 2 AND COL 4 CURR PROD IS 29 MAX PRODUCT IS 98
(2,5,0) curr: 79
(2,5,1) curr: 14
(2,5,2) curr: 29
(2,5,3) curr: 93
**AFTER ROW 2 AND COL 5 CURR PROD IS 93 MAX PRODUCT IS 98
(2,6,0) curr: 14
(2,6,1) curr: 29
(2,6,2) curr: 93
(2,6,3) curr: 71
**AFTER ROW 2 AND COL 6 CURR PROD IS 71 MAX PRODUCT IS 98
(2,7,0) curr: 29
(2,7,1) curr: 93
(2,7,2) curr: 71
(2,7,3) curr: 40
**AFTER ROW 2 AND COL 7 CURR PROD IS 40 MAX PRODUCT IS 98
(2,8,0) curr: 93
(2,8,1) curr: 71
(2,8,2) curr: 40
(2,8,3) curr: 67
**AFTER ROW 2 AND COL 8 CURR PROD IS 67 MAX PRODUCT IS 98
(2,9,0) curr: 71
(2,9,1) curr: 40
(2,9,2) curr: 67
(2,9,3) curr: 53
**AFTER ROW 2 AND COL 9 CURR PROD IS 53 MAX PRODUCT IS 98
(2,10,0) curr: 40
(2,10,1) curr: 67
(2,10,2) curr: 53
(2,10,3) curr: 88
**AFTER ROW 2 AND COL 10 CURR PROD IS 88 MAX PRODUCT IS 98
(2,11,0) curr: 67
(2,11,1) curr: 53
(2,11,2) curr: 88
(2,11,3) curr: 30
**AFTER ROW 2 AND COL 11 CURR PROD IS 30 MAX PRODUCT IS 98
(2,12,0) curr: 53
(2,12,1) curr: 88
(2,12,2) curr: 30
(2,12,3) curr: 03
**AFTER ROW 2 AND COL 12 CURR PROD IS 03 MAX PRODUCT IS 98
(2,13,0) curr: 88
(2,13,1) curr: 30
(2,13,2) curr: 03
(2,13,3) curr: 49
**AFTER ROW 2 AND COL 13 CURR PROD IS 49 MAX PRODUCT IS 98
(2,14,0) curr: 30
(2,14,1) curr: 03
(2,14,2) curr: 49
(2,14,3) curr: 13
**AFTER ROW 2 AND COL 14 CURR PROD IS 13 MAX PRODUCT IS 98
(2,15,0) curr: 03
(2,15,1) curr: 49
(2,15,2) curr: 13
(2,15,3) curr: 36
**AFTER ROW 2 AND COL 15 CURR PROD IS 36 MAX PRODUCT IS 98
(3,0,0) curr: 52
(3,0,1) curr: 70
(3,0,2) curr: 95
(3,0,3) curr: 23
**AFTER ROW 3 AND COL 0 CURR PROD IS 23 MAX PRODUCT IS 98
(3,1,0) curr: 70
(3,1,1) curr: 95
(3,1,2) curr: 23
(3,1,3) curr: 04
**AFTER ROW 3 AND COL 1 CURR PROD IS 04 MAX PRODUCT IS 98
(3,2,0) curr: 95
(3,2,1) curr: 23
(3,2,2) curr: 04
(3,2,3) curr: 60
**AFTER ROW 3 AND COL 2 CURR PROD IS 60 MAX PRODUCT IS 98
(3,3,0) curr: 23
(3,3,1) curr: 04
(3,3,2) curr: 60
(3,3,3) curr: 11
**AFTER ROW 3 AND COL 3 CURR PROD IS 11 MAX PRODUCT IS 98
(3,4,0) curr: 04
(3,4,1) curr: 60
(3,4,2) curr: 11
(3,4,3) curr: 42
**AFTER ROW 3 AND COL 4 CURR PROD IS 42 MAX PRODUCT IS 98
(3,5,0) curr: 60
(3,5,1) curr: 11
(3,5,2) curr: 42
(3,5,3) curr: 69
**AFTER ROW 3 AND COL 5 CURR PROD IS 69 MAX PRODUCT IS 98
(3,6,0) curr: 11
(3,6,1) curr: 42
(3,6,2) curr: 69
(3,6,3) curr: 24
**AFTER ROW 3 AND COL 6 CURR PROD IS 24 MAX PRODUCT IS 98
(3,7,0) curr: 42
(3,7,1) curr: 69
(3,7,2) curr: 24
(3,7,3) curr: 68
**AFTER ROW 3 AND COL 7 CURR PROD IS 68 MAX PRODUCT IS 98
(3,8,0) curr: 69
(3,8,1) curr: 24
(3,8,2) curr: 68
(3,8,3) curr: 56
**AFTER ROW 3 AND COL 8 CURR PROD IS 56 MAX PRODUCT IS 98
(3,9,0) curr: 24
(3,9,1) curr: 68
(3,9,2) curr: 56
(3,9,3) curr: 01
**AFTER ROW 3 AND COL 9 CURR PROD IS 01 MAX PRODUCT IS 98
(3,10,0) curr: 68
(3,10,1) curr: 56
(3,10,2) curr: 01
(3,10,3) curr: 32
**AFTER ROW 3 AND COL 10 CURR PROD IS 32 MAX PRODUCT IS 98
(3,11,0) curr: 56
(3,11,1) curr: 01
(3,11,2) curr: 32
(3,11,3) curr: 56
**AFTER ROW 3 AND COL 11 CURR PROD IS 56 MAX PRODUCT IS 98
(3,12,0) curr: 01
(3,12,1) curr: 32
(3,12,2) curr: 56
(3,12,3) curr: 71
**AFTER ROW 3 AND COL 12 CURR PROD IS 71 MAX PRODUCT IS 98
(3,13,0) curr: 32
(3,13,1) curr: 56
(3,13,2) curr: 71
(3,13,3) curr: 37
**AFTER ROW 3 AND COL 13 CURR PROD IS 37 MAX PRODUCT IS 98
(3,14,0) curr: 56
(3,14,1) curr: 71
(3,14,2) curr: 37
(3,14,3) curr: 02
**AFTER ROW 3 AND COL 14 CURR PROD IS 02 MAX PRODUCT IS 98
(3,15,0) curr: 71
(3,15,1) curr: 37
(3,15,2) curr: 02
(3,15,3) curr: 36
**AFTER ROW 3 AND COL 15 CURR PROD IS 36 MAX PRODUCT IS 98
(4,0,0) curr: 22
(4,0,1) curr: 31
(4,0,2) curr: 16
(4,0,3) curr: 71
**AFTER ROW 4 AND COL 0 CURR PROD IS 71 MAX PRODUCT IS 98
(4,1,0) curr: 31
(4,1,1) curr: 16
(4,1,2) curr: 71
(4,1,3) curr: 51
**AFTER ROW 4 AND COL 1 CURR PROD IS 51 MAX PRODUCT IS 98
(4,2,0) curr: 16
(4,2,1) curr: 71
(4,2,2) curr: 51
(4,2,3) curr: 67
**AFTER ROW 4 AND COL 2 CURR PROD IS 67 MAX PRODUCT IS 98
(4,3,0) curr: 71
(4,3,1) curr: 51
(4,3,2) curr: 67
(4,3,3) curr: 63
**AFTER ROW 4 AND COL 3 CURR PROD IS 63 MAX PRODUCT IS 98
(4,4,0) curr: 51
(4,4,1) curr: 67
(4,4,2) curr: 63
(4,4,3) curr: 89
**AFTER ROW 4 AND COL 4 CURR PROD IS 89 MAX PRODUCT IS 98
(4,5,0) curr: 67
(4,5,1) curr: 63
(4,5,2) curr: 89
(4,5,3) curr: 41
**AFTER ROW 4 AND COL 5 CURR PROD IS 41 MAX PRODUCT IS 98
(4,6,0) curr: 63
(4,6,1) curr: 89
(4,6,2) curr: 41
(4,6,3) curr: 92
**AFTER ROW 4 AND COL 6 CURR PROD IS 92 MAX PRODUCT IS 98
(4,7,0) curr: 89
(4,7,1) curr: 41
(4,7,2) curr: 92
(4,7,3) curr: 36
**AFTER ROW 4 AND COL 7 CURR PROD IS 36 MAX PRODUCT IS 98
(4,8,0) curr: 41
(4,8,1) curr: 92
(4,8,2) curr: 36
(4,8,3) curr: 54
**AFTER ROW 4 AND COL 8 CURR PROD IS 54 MAX PRODUCT IS 98
(4,9,0) curr: 92
(4,9,1) curr: 36
(4,9,2) curr: 54
(4,9,3) curr: 22
**AFTER ROW 4 AND COL 9 CURR PROD IS 22 MAX PRODUCT IS 98
(4,10,0) curr: 36
(4,10,1) curr: 54
(4,10,2) curr: 22
(4,10,3) curr: 40
**AFTER ROW 4 AND COL 10 CURR PROD IS 40 MAX PRODUCT IS 98
(4,11,0) curr: 54
(4,11,1) curr: 22
(4,11,2) curr: 40
(4,11,3) curr: 40
**AFTER ROW 4 AND COL 11 CURR PROD IS 40 MAX PRODUCT IS 98
(4,12,0) curr: 22
(4,12,1) curr: 40
(4,12,2) curr: 40
(4,12,3) curr: 28
**AFTER ROW 4 AND COL 12 CURR PROD IS 28 MAX PRODUCT IS 98
(4,13,0) curr: 40
(4,13,1) curr: 40
(4,13,2) curr: 28
(4,13,3) curr: 66
**AFTER ROW 4 AND COL 13 CURR PROD IS 66 MAX PRODUCT IS 98
(4,14,0) curr: 40
(4,14,1) curr: 28
(4,14,2) curr: 66
(4,14,3) curr: 33
**AFTER ROW 4 AND COL 14 CURR PROD IS 33 MAX PRODUCT IS 98
(4,15,0) curr: 28
(4,15,1) curr: 66
(4,15,2) curr: 33
(4,15,3) curr: 13
**AFTER ROW 4 AND COL 15 CURR PROD IS 13 MAX PRODUCT IS 98
(5,0,0) curr: 24
(5,0,1) curr: 47
(5,0,2) curr: 32
(5,0,3) curr: 60
**AFTER ROW 5 AND COL 0 CURR PROD IS 60 MAX PRODUCT IS 98
(5,1,0) curr: 47
(5,1,1) curr: 32
(5,1,2) curr: 60
(5,1,3) curr: 99
**AFTER ROW 5 AND COL 1 CURR PROD IS 99 MAX PRODUCT IS 99
(5,2,0) curr: 32
(5,2,1) curr: 60
(5,2,2) curr: 99
(5,2,3) curr: 03
**AFTER ROW 5 AND COL 2 CURR PROD IS 03 MAX PRODUCT IS 99
(5,3,0) curr: 60
(5,3,1) curr: 99
(5,3,2) curr: 03
(5,3,3) curr: 45
**AFTER ROW 5 AND COL 3 CURR PROD IS 45 MAX PRODUCT IS 99
(5,4,0) curr: 99
(5,4,1) curr: 03
(5,4,2) curr: 45
(5,4,3) curr: 02
**AFTER ROW 5 AND COL 4 CURR PROD IS 02 MAX PRODUCT IS 99
(5,5,0) curr: 03
(5,5,1) curr: 45
(5,5,2) curr: 02
(5,5,3) curr: 44
**AFTER ROW 5 AND COL 5 CURR PROD IS 44 MAX PRODUCT IS 99
(5,6,0) curr: 45
(5,6,1) curr: 02
(5,6,2) curr: 44
(5,6,3) curr: 75
**AFTER ROW 5 AND COL 6 CURR PROD IS 75 MAX PRODUCT IS 99
(5,7,0) curr: 02
(5,7,1) curr: 44
(5,7,2) curr: 75
(5,7,3) curr: 33
**AFTER ROW 5 AND COL 7 CURR PROD IS 33 MAX PRODUCT IS 99
(5,8,0) curr: 44
(5,8,1) curr: 75
(5,8,2) curr: 33
(5,8,3) curr: 53
**AFTER ROW 5 AND COL 8 CURR PROD IS 53 MAX PRODUCT IS 99
(5,9,0) curr: 75
(5,9,1) curr: 33
(5,9,2) curr: 53
(5,9,3) curr: 78
**AFTER ROW 5 AND COL 9 CURR PROD IS 78 MAX PRODUCT IS 99
(5,10,0) curr: 33
(5,10,1) curr: 53
(5,10,2) curr: 78
(5,10,3) curr: 36
**AFTER ROW 5 AND COL 10 CURR PROD IS 36 MAX PRODUCT IS 99
(5,11,0) curr: 53
(5,11,1) curr: 78
(5,11,2) curr: 36
(5,11,3) curr: 84
**AFTER ROW 5 AND COL 11 CURR PROD IS 84 MAX PRODUCT IS 99
(5,12,0) curr: 78
(5,12,1) curr: 36
(5,12,2) curr: 84
(5,12,3) curr: 20
**AFTER ROW 5 AND COL 12 CURR PROD IS 20 MAX PRODUCT IS 99
(5,13,0) curr: 36
(5,13,1) curr: 84
(5,13,2) curr: 20
(5,13,3) curr: 35
**AFTER ROW 5 AND COL 13 CURR PROD IS 35 MAX PRODUCT IS 99
(5,14,0) curr: 84
(5,14,1) curr: 20
(5,14,2) curr: 35
(5,14,3) curr: 17
**AFTER ROW 5 AND COL 14 CURR PROD IS 17 MAX PRODUCT IS 99
(5,15,0) curr: 20
(5,15,1) curr: 35
(5,15,2) curr: 17
(5,15,3) curr: 12
**AFTER ROW 5 AND COL 15 CURR PROD IS 12 MAX PRODUCT IS 99
(6,0,0) curr: 32
(6,0,1) curr: 98
(6,0,2) curr: 81
(6,0,3) curr: 28
**AFTER ROW 6 AND COL 0 CURR PROD IS 28 MAX PRODUCT IS 99
(6,1,0) curr: 98
(6,1,1) curr: 81
(6,1,2) curr: 28
(6,1,3) curr: 64
**AFTER ROW 6 AND COL 1 CURR PROD IS 64 MAX PRODUCT IS 99
(6,2,0) curr: 81
(6,2,1) curr: 28
(6,2,2) curr: 64
(6,2,3) curr: 23
**AFTER ROW 6 AND COL 2 CURR PROD IS 23 MAX PRODUCT IS 99
(6,3,0) curr: 28
(6,3,1) curr: 64
(6,3,2) curr: 23
(6,3,3) curr: 67
**AFTER ROW 6 AND COL 3 CURR PROD IS 67 MAX PRODUCT IS 99
(6,4,0) curr: 64
(6,4,1) curr: 23
(6,4,2) curr: 67
(6,4,3) curr: 10
**AFTER ROW 6 AND COL 4 CURR PROD IS 10 MAX PRODUCT IS 99
(6,5,0) curr: 23
(6,5,1) curr: 67
(6,5,2) curr: 10
(6,5,3) curr: 26
**AFTER ROW 6 AND COL 5 CURR PROD IS 26 MAX PRODUCT IS 99
(6,6,0) curr: 67
(6,6,1) curr: 10
(6,6,2) curr: 26
(6,6,3) curr: 38
**AFTER ROW 6 AND COL 6 CURR PROD IS 38 MAX PRODUCT IS 99
(6,7,0) curr: 10
(6,7,1) curr: 26
(6,7,2) curr: 38
(6,7,3) curr: 40
**AFTER ROW 6 AND COL 7 CURR PROD IS 40 MAX PRODUCT IS 99
(6,8,0) curr: 26
(6,8,1) curr: 38
(6,8,2) curr: 40
(6,8,3) curr: 67
**AFTER ROW 6 AND COL 8 CURR PROD IS 67 MAX PRODUCT IS 99
(6,9,0) curr: 38
(6,9,1) curr: 40
(6,9,2) curr: 67
(6,9,3) curr: 59
**AFTER ROW 6 AND COL 9 CURR PROD IS 59 MAX PRODUCT IS 99
(6,10,0) curr: 40
(6,10,1) curr: 67
(6,10,2) curr: 59
(6,10,3) curr: 54
**AFTER ROW 6 AND COL 10 CURR PROD IS 54 MAX PRODUCT IS 99
(6,11,0) curr: 67
(6,11,1) curr: 59
(6,11,2) curr: 54
(6,11,3) curr: 70
**AFTER ROW 6 AND COL 11 CURR PROD IS 70 MAX PRODUCT IS 99
(6,12,0) curr: 59
(6,12,1) curr: 54
(6,12,2) curr: 70
(6,12,3) curr: 66
**AFTER ROW 6 AND COL 12 CURR PROD IS 66 MAX PRODUCT IS 99
(6,13,0) curr: 54
(6,13,1) curr: 70
(6,13,2) curr: 66
(6,13,3) curr: 18
**AFTER ROW 6 AND COL 13 CURR PROD IS 18 MAX PRODUCT IS 99
(6,14,0) curr: 70
(6,14,1) curr: 66
(6,14,2) curr: 18
(6,14,3) curr: 38
**AFTER ROW 6 AND COL 14 CURR PROD IS 38 MAX PRODUCT IS 99
(6,15,0) curr: 66
(6,15,1) curr: 18
(6,15,2) curr: 38
(6,15,3) curr: 64
**AFTER ROW 6 AND COL 15 CURR PROD IS 64 MAX PRODUCT IS 99
(7,0,0) curr: 67
(7,0,1) curr: 26
(7,0,2) curr: 20
(7,0,3) curr: 68
**AFTER ROW 7 AND COL 0 CURR PROD IS 68 MAX PRODUCT IS 99
(7,1,0) curr: 26
(7,1,1) curr: 20
(7,1,2) curr: 68
(7,1,3) curr: 02
**AFTER ROW 7 AND COL 1 CURR PROD IS 02 MAX PRODUCT IS 99
(7,2,0) curr: 20
(7,2,1) curr: 68
(7,2,2) curr: 02
(7,2,3) curr: 62
**AFTER ROW 7 AND COL 2 CURR PROD IS 62 MAX PRODUCT IS 99
(7,3,0) curr: 68
(7,3,1) curr: 02
(7,3,2) curr: 62
(7,3,3) curr: 12
**AFTER ROW 7 AND COL 3 CURR PROD IS 12 MAX PRODUCT IS 99
(7,4,0) curr: 02
(7,4,1) curr: 62
(7,4,2) curr: 12
(7,4,3) curr: 20
**AFTER ROW 7 AND COL 4 CURR PROD IS 20 MAX PRODUCT IS 99
(7,5,0) curr: 62
(7,5,1) curr: 12
(7,5,2) curr: 20
(7,5,3) curr: 95
**AFTER ROW 7 AND COL 5 CURR PROD IS 95 MAX PRODUCT IS 99
(7,6,0) curr: 12
(7,6,1) curr: 20
(7,6,2) curr: 95
(7,6,3) curr: 63
**AFTER ROW 7 AND COL 6 CURR PROD IS 63 MAX PRODUCT IS 99
(7,7,0) curr: 20
(7,7,1) curr: 95
(7,7,2) curr: 63
(7,7,3) curr: 94
**AFTER ROW 7 AND COL 7 CURR PROD IS 94 MAX PRODUCT IS 99
(7,8,0) curr: 95
(7,8,1) curr: 63
(7,8,2) curr: 94
(7,8,3) curr: 39
**AFTER ROW 7 AND COL 8 CURR PROD IS 39 MAX PRODUCT IS 99
(7,9,0) curr: 63
(7,9,1) curr: 94
(7,9,2) curr: 39
(7,9,3) curr: 63
**AFTER ROW 7 AND COL 9 CURR PROD IS 63 MAX PRODUCT IS 99
(7,10,0) curr: 94
(7,10,1) curr: 39
(7,10,2) curr: 63
(7,10,3) curr: 08
**AFTER ROW 7 AND COL 10 CURR PROD IS 08 MAX PRODUCT IS 99
(7,11,0) curr: 39
(7,11,1) curr: 63
(7,11,2) curr: 08
(7,11,3) curr: 40
**AFTER ROW 7 AND COL 11 CURR PROD IS 40 MAX PRODUCT IS 99
(7,12,0) curr: 63
(7,12,1) curr: 08
(7,12,2) curr: 40
(7,12,3) curr: 91
**AFTER ROW 7 AND COL 12 CURR PROD IS 91 MAX PRODUCT IS 99
(7,13,0) curr: 08
(7,13,1) curr: 40
(7,13,2) curr: 91
(7,13,3) curr: 66
**AFTER ROW 7 AND COL 13 CURR PROD IS 66 MAX PRODUCT IS 99
(7,14,0) curr: 40
(7,14,1) curr: 91
(7,14,2) curr: 66
(7,14,3) curr: 49
**AFTER ROW 7 AND COL 14 CURR PROD IS 49 MAX PRODUCT IS 99
(7,15,0) curr: 91
(7,15,1) curr: 66
(7,15,2) curr: 49
(7,15,3) curr: 94
**AFTER ROW 7 AND COL 15 CURR PROD IS 94 MAX PRODUCT IS 99
(8,0,0) curr: 24
(8,0,1) curr: 55
(8,0,2) curr: 58
(8,0,3) curr: 05
**AFTER ROW 8 AND COL 0 CURR PROD IS 05 MAX PRODUCT IS 99
(8,1,0) curr: 55
(8,1,1) curr: 58
(8,1,2) curr: 05
(8,1,3) curr: 66
**AFTER ROW 8 AND COL 1 CURR PROD IS 66 MAX PRODUCT IS 99
(8,2,0) curr: 58
(8,2,1) curr: 05
(8,2,2) curr: 66
(8,2,3) curr: 73
**AFTER ROW 8 AND COL 2 CURR PROD IS 73 MAX PRODUCT IS 99
(8,3,0) curr: 05
(8,3,1) curr: 66
(8,3,2) curr: 73
(8,3,3) curr: 99
**AFTER ROW 8 AND COL 3 CURR PROD IS 99 MAX PRODUCT IS 99
(8,4,0) curr: 66
(8,4,1) curr: 73
(8,4,2) curr: 99
(8,4,3) curr: 26
**AFTER ROW 8 AND COL 4 CURR PROD IS 26 MAX PRODUCT IS 99
(8,5,0) curr: 73
(8,5,1) curr: 99
(8,5,2) curr: 26
(8,5,3) curr: 97
**AFTER ROW 8 AND COL 5 CURR PROD IS 97 MAX PRODUCT IS 99
(8,6,0) curr: 99
(8,6,1) curr: 26
(8,6,2) curr: 97
(8,6,3) curr: 17
**AFTER ROW 8 AND COL 6 CURR PROD IS 17 MAX PRODUCT IS 99
(8,7,0) curr: 26
(8,7,1) curr: 97
(8,7,2) curr: 17
(8,7,3) curr: 78
**AFTER ROW 8 AND COL 7 CURR PROD IS 78 MAX PRODUCT IS 99
(8,8,0) curr: 97
(8,8,1) curr: 17
(8,8,2) curr: 78
(8,8,3) curr: 78
**AFTER ROW 8 AND COL 8 CURR PROD IS 78 MAX PRODUCT IS 99
(8,9,0) curr: 17
(8,9,1) curr: 78
(8,9,2) curr: 78
(8,9,3) curr: 96
**AFTER ROW 8 AND COL 9 CURR PROD IS 96 MAX PRODUCT IS 99
(8,10,0) curr: 78
(8,10,1) curr: 78
(8,10,2) curr: 96
(8,10,3) curr: 83
**AFTER ROW 8 AND COL 10 CURR PROD IS 83 MAX PRODUCT IS 99
(8,11,0) curr: 78
(8,11,1) curr: 96
(8,11,2) curr: 83
(8,11,3) curr: 14
**AFTER ROW 8 AND COL 11 CURR PROD IS 14 MAX PRODUCT IS 99
(8,12,0) curr: 96
(8,12,1) curr: 83
(8,12,2) curr: 14
(8,12,3) curr: 88
**AFTER ROW 8 AND COL 12 CURR PROD IS 88 MAX PRODUCT IS 99
(8,13,0) curr: 83
(8,13,1) curr: 14
(8,13,2) curr: 88
(8,13,3) curr: 34
**AFTER ROW 8 AND COL 13 CURR PROD IS 34 MAX PRODUCT IS 99
(8,14,0) curr: 14
(8,14,1) curr: 88
(8,14,2) curr: 34
(8,14,3) curr: 89
**AFTER ROW 8 AND COL 14 CURR PROD IS 89 MAX PRODUCT IS 99
(8,15,0) curr: 88
(8,15,1) curr: 34
(8,15,2) curr: 89
(8,15,3) curr: 63
**AFTER ROW 8 AND COL 15 CURR PROD IS 63 MAX PRODUCT IS 99
(9,0,0) curr: 21
(9,0,1) curr: 36
(9,0,2) curr: 23
(9,0,3) curr: 09
**AFTER ROW 9 AND COL 0 CURR PROD IS 09 MAX PRODUCT IS 99
(9,1,0) curr: 36
(9,1,1) curr: 23
(9,1,2) curr: 09
(9,1,3) curr: 75
**AFTER ROW 9 AND COL 1 CURR PROD IS 75 MAX PRODUCT IS 99
(9,2,0) curr: 23
(9,2,1) curr: 09
(9,2,2) curr: 75
(9,2,3) curr: 00
**AFTER ROW 9 AND COL 2 CURR PROD IS 00 MAX PRODUCT IS 99
(9,3,0) curr: 09
(9,3,1) curr: 75
(9,3,2) curr: 00
(9,3,3) curr: 76
**AFTER ROW 9 AND COL 3 CURR PROD IS 76 MAX PRODUCT IS 99
(9,4,0) curr: 75
(9,4,1) curr: 00
(9,4,2) curr: 76
(9,4,3) curr: 44
**AFTER ROW 9 AND COL 4 CURR PROD IS 44 MAX PRODUCT IS 99
(9,5,0) curr: 00
(9,5,1) curr: 76
(9,5,2) curr: 44
(9,5,3) curr: 20
**AFTER ROW 9 AND COL 5 CURR PROD IS 20 MAX PRODUCT IS 99
(9,6,0) curr: 76
(9,6,1) curr: 44
(9,6,2) curr: 20
(9,6,3) curr: 45
**AFTER ROW 9 AND COL 6 CURR PROD IS 45 MAX PRODUCT IS 99
(9,7,0) curr: 44
(9,7,1) curr: 20
(9,7,2) curr: 45
(9,7,3) curr: 35
**AFTER ROW 9 AND COL 7 CURR PROD IS 35 MAX PRODUCT IS 99
(9,8,0) curr: 20
(9,8,1) curr: 45
(9,8,2) curr: 35
(9,8,3) curr: 14
**AFTER ROW 9 AND COL 8 CURR PROD IS 14 MAX PRODUCT IS 99
(9,9,0) curr: 45
(9,9,1) curr: 35
(9,9,2) curr: 14
(9,9,3) curr: 00
**AFTER ROW 9 AND COL 9 CURR PROD IS 00 MAX PRODUCT IS 99
(9,10,0) curr: 35
(9,10,1) curr: 14
(9,10,2) curr: 00
(9,10,3) curr: 61
**AFTER ROW 9 AND COL 10 CURR PROD IS 61 MAX PRODUCT IS 99
(9,11,0) curr: 14
(9,11,1) curr: 00
(9,11,2) curr: 61
(9,11,3) curr: 33
**AFTER ROW 9 AND COL 11 CURR PROD IS 33 MAX PRODUCT IS 99
(9,12,0) curr: 00
(9,12,1) curr: 61
(9,12,2) curr: 33
(9,12,3) curr: 97
**AFTER ROW 9 AND COL 12 CURR PROD IS 97 MAX PRODUCT IS 99
(9,13,0) curr: 61
(9,13,1) curr: 33
(9,13,2) curr: 97
(9,13,3) curr: 34
**AFTER ROW 9 AND COL 13 CURR PROD IS 34 MAX PRODUCT IS 99
(9,14,0) curr: 33
(9,14,1) curr: 97
(9,14,2) curr: 34
(9,14,3) curr: 31
**AFTER ROW 9 AND COL 14 CURR PROD IS 31 MAX PRODUCT IS 99
(9,15,0) curr: 97
(9,15,1) curr: 34
(9,15,2) curr: 31
(9,15,3) curr: 33
**AFTER ROW 9 AND COL 15 CURR PROD IS 33 MAX PRODUCT IS 99
(10,0,0) curr: 78
(10,0,1) curr: 17
(10,0,2) curr: 53
(10,0,3) curr: 28
**AFTER ROW 10 AND COL 0 CURR PROD IS 28 MAX PRODUCT IS 99
(10,1,0) curr: 17
(10,1,1) curr: 53
(10,1,2) curr: 28
(10,1,3) curr: 22
**AFTER ROW 10 AND COL 1 CURR PROD IS 22 MAX PRODUCT IS 99
(10,2,0) curr: 53
(10,2,1) curr: 28
(10,2,2) curr: 22
(10,2,3) curr: 75
**AFTER ROW 10 AND COL 2 CURR PROD IS 75 MAX PRODUCT IS 99
(10,3,0) curr: 28
(10,3,1) curr: 22
(10,3,2) curr: 75
(10,3,3) curr: 31
**AFTER ROW 10 AND COL 3 CURR PROD IS 31 MAX PRODUCT IS 99
(10,4,0) curr: 22
(10,4,1) curr: 75
(10,4,2) curr: 31
(10,4,3) curr: 67
**AFTER ROW 10 AND COL 4 CURR PROD IS 67 MAX PRODUCT IS 99
(10,5,0) curr: 75
(10,5,1) curr: 31
(10,5,2) curr: 67
(10,5,3) curr: 15
**AFTER ROW 10 AND COL 5 CURR PROD IS 15 MAX PRODUCT IS 99
(10,6,0) curr: 31
(10,6,1) curr: 67
(10,6,2) curr: 15
(10,6,3) curr: 94
**AFTER ROW 10 AND COL 6 CURR PROD IS 94 MAX PRODUCT IS 99
(10,7,0) curr: 67
(10,7,1) curr: 15
(10,7,2) curr: 94
(10,7,3) curr: 03
**AFTER ROW 10 AND COL 7 CURR PROD IS 03 MAX PRODUCT IS 99
(10,8,0) curr: 15
(10,8,1) curr: 94
(10,8,2) curr: 03
(10,8,3) curr: 80
**AFTER ROW 10 AND COL 8 CURR PROD IS 80 MAX PRODUCT IS 99
(10,9,0) curr: 94
(10,9,1) curr: 03
(10,9,2) curr: 80
(10,9,3) curr: 04
**AFTER ROW 10 AND COL 9 CURR PROD IS 04 MAX PRODUCT IS 99
(10,10,0) curr: 03
(10,10,1) curr: 80
(10,10,2) curr: 04
(10,10,3) curr: 62
**AFTER ROW 10 AND COL 10 CURR PROD IS 62 MAX PRODUCT IS 99
(10,11,0) curr: 80
(10,11,1) curr: 04
(10,11,2) curr: 62
(10,11,3) curr: 16
**AFTER ROW 10 AND COL 11 CURR PROD IS 16 MAX PRODUCT IS 99
(10,12,0) curr: 04
(10,12,1) curr: 62
(10,12,2) curr: 16
(10,12,3) curr: 14
**AFTER ROW 10 AND COL 12 CURR PROD IS 14 MAX PRODUCT IS 99
(10,13,0) curr: 62
(10,13,1) curr: 16
(10,13,2) curr: 14
(10,13,3) curr: 09
**AFTER ROW 10 AND COL 13 CURR PROD IS 09 MAX PRODUCT IS 99
(10,14,0) curr: 16
(10,14,1) curr: 14
(10,14,2) curr: 09
(10,14,3) curr: 53
**AFTER ROW 10 AND COL 14 CURR PROD IS 53 MAX PRODUCT IS 99
(10,15,0) curr: 14
(10,15,1) curr: 09
(10,15,2) curr: 53
(10,15,3) curr: 56
**AFTER ROW 10 AND COL 15 CURR PROD IS 56 MAX PRODUCT IS 99
(11,0,0) curr: 16
(11,0,1) curr: 39
(11,0,2) curr: 05
(11,0,3) curr: 42
**AFTER ROW 11 AND COL 0 CURR PROD IS 42 MAX PRODUCT IS 99
(11,1,0) curr: 39
(11,1,1) curr: 05
(11,1,2) curr: 42
(11,1,3) curr: 96
**AFTER ROW 11 AND COL 1 CURR PROD IS 96 MAX PRODUCT IS 99
(11,2,0) curr: 05
(11,2,1) curr: 42
(11,2,2) curr: 96
(11,2,3) curr: 35
**AFTER ROW 11 AND COL 2 CURR PROD IS 35 MAX PRODUCT IS 99
(11,3,0) curr: 42
(11,3,1) curr: 96
(11,3,2) curr: 35
(11,3,3) curr: 31
**AFTER ROW 11 AND COL 3 CURR PROD IS 31 MAX PRODUCT IS 99
(11,4,0) curr: 96
(11,4,1) curr: 35
(11,4,2) curr: 31
(11,4,3) curr: 47
**AFTER ROW 11 AND COL 4 CURR PROD IS 47 MAX PRODUCT IS 99
(11,5,0) curr: 35
(11,5,1) curr: 31
(11,5,2) curr: 47
(11,5,3) curr: 55
**AFTER ROW 11 AND COL 5 CURR PROD IS 55 MAX PRODUCT IS 99
(11,6,0) curr: 31
(11,6,1) curr: 47
(11,6,2) curr: 55
(11,6,3) curr: 58
**AFTER ROW 11 AND COL 6 CURR PROD IS 58 MAX PRODUCT IS 99
(11,7,0) curr: 47
(11,7,1) curr: 55
(11,7,2) curr: 58
(11,7,3) curr: 88
**AFTER ROW 11 AND COL 7 CURR PROD IS 88 MAX PRODUCT IS 99
(11,8,0) curr: 55
(11,8,1) curr: 58
(11,8,2) curr: 88
(11,8,3) curr: 24
**AFTER ROW 11 AND COL 8 CURR PROD IS 24 MAX PRODUCT IS 99
(11,9,0) curr: 58
(11,9,1) curr: 88
(11,9,2) curr: 24
(11,9,3) curr: 00
**AFTER ROW 11 AND COL 9 CURR PROD IS 00 MAX PRODUCT IS 99
(11,10,0) curr: 88
(11,10,1) curr: 24
(11,10,2) curr: 00
(11,10,3) curr: 17
**AFTER ROW 11 AND COL 10 CURR PROD IS 17 MAX PRODUCT IS 99
(11,11,0) curr: 24
(11,11,1) curr: 00
(11,11,2) curr: 17
(11,11,3) curr: 54
**AFTER ROW 11 AND COL 11 CURR PROD IS 54 MAX PRODUCT IS 99
(11,12,0) curr: 00
(11,12,1) curr: 17
(11,12,2) curr: 54
(11,12,3) curr: 24
**AFTER ROW 11 AND COL 12 CURR PROD IS 24 MAX PRODUCT IS 99
(11,13,0) curr: 17
(11,13,1) curr: 54
(11,13,2) curr: 24
(11,13,3) curr: 36
**AFTER ROW 11 AND COL 13 CURR PROD IS 36 MAX PRODUCT IS 99
(11,14,0) curr: 54
(11,14,1) curr: 24
(11,14,2) curr: 36
(11,14,3) curr: 29
**AFTER ROW 11 AND COL 14 CURR PROD IS 29 MAX PRODUCT IS 99
(11,15,0) curr: 24
(11,15,1) curr: 36
(11,15,2) curr: 29
(11,15,3) curr: 85
**AFTER ROW 11 AND COL 15 CURR PROD IS 85 MAX PRODUCT IS 99
(12,0,0) curr: 86
(12,0,1) curr: 56
(12,0,2) curr: 00
(12,0,3) curr: 48
**AFTER ROW 12 AND COL 0 CURR PROD IS 48 MAX PRODUCT IS 99
(12,1,0) curr: 56
(12,1,1) curr: 00
(12,1,2) curr: 48
(12,1,3) curr: 35
**AFTER ROW 12 AND COL 1 CURR PROD IS 35 MAX PRODUCT IS 99
(12,2,0) curr: 00
(12,2,1) curr: 48
(12,2,2) curr: 35
(12,2,3) curr: 71
**AFTER ROW 12 AND COL 2 CURR PROD IS 71 MAX PRODUCT IS 99
(12,3,0) curr: 48
(12,3,1) curr: 35
(12,3,2) curr: 71
(12,3,3) curr: 89
**AFTER ROW 12 AND COL 3 CURR PROD IS 89 MAX PRODUCT IS 99
(12,4,0) curr: 35
(12,4,1) curr: 71
(12,4,2) curr: 89
(12,4,3) curr: 07
**AFTER ROW 12 AND COL 4 CURR PROD IS 07 MAX PRODUCT IS 99
(12,5,0) curr: 71
(12,5,1) curr: 89
(12,5,2) curr: 07
(12,5,3) curr: 05
**AFTER ROW 12 AND COL 5 CURR PROD IS 05 MAX PRODUCT IS 99
(12,6,0) curr: 89
(12,6,1) curr: 07
(12,6,2) curr: 05
(12,6,3) curr: 44
**AFTER ROW 12 AND COL 6 CURR PROD IS 44 MAX PRODUCT IS 99
(12,7,0) curr: 07
(12,7,1) curr: 05
(12,7,2) curr: 44
(12,7,3) curr: 44
**AFTER ROW 12 AND COL 7 CURR PROD IS 44 MAX PRODUCT IS 99
(12,8,0) curr: 05
(12,8,1) curr: 44
(12,8,2) curr: 44
(12,8,3) curr: 37
**AFTER ROW 12 AND COL 8 CURR PROD IS 37 MAX PRODUCT IS 99
(12,9,0) curr: 44
(12,9,1) curr: 44
(12,9,2) curr: 37
(12,9,3) curr: 44
**AFTER ROW 12 AND COL 9 CURR PROD IS 44 MAX PRODUCT IS 99
(12,10,0) curr: 44
(12,10,1) curr: 37
(12,10,2) curr: 44
(12,10,3) curr: 60
**AFTER ROW 12 AND COL 10 CURR PROD IS 60 MAX PRODUCT IS 99
(12,11,0) curr: 37
(12,11,1) curr: 44
(12,11,2) curr: 60
(12,11,3) curr: 21
**AFTER ROW 12 AND COL 11 CURR PROD IS 21 MAX PRODUCT IS 99
(12,12,0) curr: 44
(12,12,1) curr: 60
(12,12,2) curr: 21
(12,12,3) curr: 58
**AFTER ROW 12 AND COL 12 CURR PROD IS 58 MAX PRODUCT IS 99
(12,13,0) curr: 60
(12,13,1) curr: 21
(12,13,2) curr: 58
(12,13,3) curr: 51
**AFTER ROW 12 AND COL 13 CURR PROD IS 51 MAX PRODUCT IS 99
(12,14,0) curr: 21
(12,14,1) curr: 58
(12,14,2) curr: 51
(12,14,3) curr: 54
**AFTER ROW 12 AND COL 14 CURR PROD IS 54 MAX PRODUCT IS 99
(12,15,0) curr: 58
(12,15,1) curr: 51
(12,15,2) curr: 54
(12,15,3) curr: 17
**AFTER ROW 12 AND COL 15 CURR PROD IS 17 MAX PRODUCT IS 99
(13,0,0) curr: 19
(13,0,1) curr: 80
(13,0,2) curr: 81
(13,0,3) curr: 68
**AFTER ROW 13 AND COL 0 CURR PROD IS 68 MAX PRODUCT IS 99
(13,1,0) curr: 80
(13,1,1) curr: 81
(13,1,2) curr: 68
(13,1,3) curr: 05
**AFTER ROW 13 AND COL 1 CURR PROD IS 05 MAX PRODUCT IS 99
(13,2,0) curr: 81
(13,2,1) curr: 68
(13,2,2) curr: 05
(13,2,3) curr: 94
**AFTER ROW 13 AND COL 2 CURR PROD IS 94 MAX PRODUCT IS 99
(13,3,0) curr: 68
(13,3,1) curr: 05
(13,3,2) curr: 94
(13,3,3) curr: 47
**AFTER ROW 13 AND COL 3 CURR PROD IS 47 MAX PRODUCT IS 99
(13,4,0) curr: 05
(13,4,1) curr: 94
(13,4,2) curr: 47
(13,4,3) curr: 69
**AFTER ROW 13 AND COL 4 CURR PROD IS 69 MAX PRODUCT IS 99
(13,5,0) curr: 94
(13,5,1) curr: 47
(13,5,2) curr: 69
(13,5,3) curr: 28
**AFTER ROW 13 AND COL 5 CURR PROD IS 28 MAX PRODUCT IS 99
(13,6,0) curr: 47
(13,6,1) curr: 69
(13,6,2) curr: 28
(13,6,3) curr: 73
**AFTER ROW 13 AND COL 6 CURR PROD IS 73 MAX PRODUCT IS 99
(13,7,0) curr: 69
(13,7,1) curr: 28
(13,7,2) curr: 73
(13,7,3) curr: 92
**AFTER ROW 13 AND COL 7 CURR PROD IS 92 MAX PRODUCT IS 99
(13,8,0) curr: 28
(13,8,1) curr: 73
(13,8,2) curr: 92
(13,8,3) curr: 13
**AFTER ROW 13 AND COL 8 CURR PROD IS 13 MAX PRODUCT IS 99
(13,9,0) curr: 73
(13,9,1) curr: 92
(13,9,2) curr: 13
(13,9,3) curr: 86
**AFTER ROW 13 AND COL 9 CURR PROD IS 86 MAX PRODUCT IS 99
(13,10,0) curr: 92
(13,10,1) curr: 13
(13,10,2) curr: 86
(13,10,3) curr: 52
**AFTER ROW 13 AND COL 10 CURR PROD IS 52 MAX PRODUCT IS 99
(13,11,0) curr: 13
(13,11,1) curr: 86
(13,11,2) curr: 52
(13,11,3) curr: 17
**AFTER ROW 13 AND COL 11 CURR PROD IS 17 MAX PRODUCT IS 99
(13,12,0) curr: 86
(13,12,1) curr: 52
(13,12,2) curr: 17
(13,12,3) curr: 77
**AFTER ROW 13 AND COL 12 CURR PROD IS 77 MAX PRODUCT IS 99
(13,13,0) curr: 52
(13,13,1) curr: 17
(13,13,2) curr: 77
(13,13,3) curr: 04
**AFTER ROW 13 AND COL 13 CURR PROD IS 04 MAX PRODUCT IS 99
(13,14,0) curr: 17
(13,14,1) curr: 77
(13,14,2) curr: 04
(13,14,3) curr: 89
**AFTER ROW 13 AND COL 14 CURR PROD IS 89 MAX PRODUCT IS 99
(13,15,0) curr: 77
(13,15,1) curr: 04
(13,15,2) curr: 89
(13,15,3) curr: 55
**AFTER ROW 13 AND COL 15 CURR PROD IS 55 MAX PRODUCT IS 99
(14,0,0) curr: 04
(14,0,1) curr: 52
(14,0,2) curr: 08
(14,0,3) curr: 83
**AFTER ROW 14 AND COL 0 CURR PROD IS 83 MAX PRODUCT IS 99
(14,1,0) curr: 52
(14,1,1) curr: 08
(14,1,2) curr: 83
(14,1,3) curr: 97
**AFTER ROW 14 AND COL 1 CURR PROD IS 97 MAX PRODUCT IS 99
(14,2,0) curr: 08
(14,2,1) curr: 83
(14,2,2) curr: 97
(14,2,3) curr: 35
**AFTER ROW 14 AND COL 2 CURR PROD IS 35 MAX PRODUCT IS 99
(14,3,0) curr: 83
(14,3,1) curr: 97
(14,3,2) curr: 35
(14,3,3) curr: 99
**AFTER ROW 14 AND COL 3 CURR PROD IS 99 MAX PRODUCT IS 99
(14,4,0) curr: 97
(14,4,1) curr: 35
(14,4,2) curr: 99
(14,4,3) curr: 16
**AFTER ROW 14 AND COL 4 CURR PROD IS 16 MAX PRODUCT IS 99
(14,5,0) curr: 35
(14,5,1) curr: 99
(14,5,2) curr: 16
(14,5,3) curr: 07
**AFTER ROW 14 AND COL 5 CURR PROD IS 07 MAX PRODUCT IS 99
(14,6,0) curr: 99
(14,6,1) curr: 16
(14,6,2) curr: 07
(14,6,3) curr: 97
**AFTER ROW 14 AND COL 6 CURR PROD IS 97 MAX PRODUCT IS 99
(14,7,0) curr: 16
(14,7,1) curr: 07
(14,7,2) curr: 97
(14,7,3) curr: 57
**AFTER ROW 14 AND COL 7 CURR PROD IS 57 MAX PRODUCT IS 99
(14,8,0) curr: 07
(14,8,1) curr: 97
(14,8,2) curr: 57
(14,8,3) curr: 32
**AFTER ROW 14 AND COL 8 CURR PROD IS 32 MAX PRODUCT IS 99
(14,9,0) curr: 97
(14,9,1) curr: 57
(14,9,2) curr: 32
(14,9,3) curr: 16
**AFTER ROW 14 AND COL 9 CURR PROD IS 16 MAX PRODUCT IS 99
(14,10,0) curr: 57
(14,10,1) curr: 32
(14,10,2) curr: 16
(14,10,3) curr: 26
**AFTER ROW 14 AND COL 10 CURR PROD IS 26 MAX PRODUCT IS 99
(14,11,0) curr: 32
(14,11,1) curr: 16
(14,11,2) curr: 26
(14,11,3) curr: 26
**AFTER ROW 14 AND COL 11 CURR PROD IS 26 MAX PRODUCT IS 99
(14,12,0) curr: 16
(14,12,1) curr: 26
(14,12,2) curr: 26
(14,12,3) curr: 79
**AFTER ROW 14 AND COL 12 CURR PROD IS 79 MAX PRODUCT IS 99
(14,13,0) curr: 26
(14,13,1) curr: 26
(14,13,2) curr: 79
(14,13,3) curr: 33
**AFTER ROW 14 AND COL 13 CURR PROD IS 33 MAX PRODUCT IS 99
(14,14,0) curr: 26
(14,14,1) curr: 79
(14,14,2) curr: 33
(14,14,3) curr: 27
**AFTER ROW 14 AND COL 14 CURR PROD IS 27 MAX PRODUCT IS 99
(14,15,0) curr: 79
(14,15,1) curr: 33
(14,15,2) curr: 27
(14,15,3) curr: 98
**AFTER ROW 14 AND COL 15 CURR PROD IS 98 MAX PRODUCT IS 99
(15,0,0) curr: 88
(15,0,1) curr: 36
(15,0,2) curr: 68
(15,0,3) curr: 87
**AFTER ROW 15 AND COL 0 CURR PROD IS 87 MAX PRODUCT IS 99
(15,1,0) curr: 36
(15,1,1) curr: 68
(15,1,2) curr: 87
(15,1,3) curr: 57
**AFTER ROW 15 AND COL 1 CURR PROD IS 57 MAX PRODUCT IS 99
(15,2,0) curr: 68
(15,2,1) curr: 87
(15,2,2) curr: 57
(15,2,3) curr: 62
**AFTER ROW 15 AND COL 2 CURR PROD IS 62 MAX PRODUCT IS 99
(15,3,0) curr: 87
(15,3,1) curr: 57
(15,3,2) curr: 62
(15,3,3) curr: 20
**AFTER ROW 15 AND COL 3 CURR PROD IS 20 MAX PRODUCT IS 99
(15,4,0) curr: 57
(15,4,1) curr: 62
(15,4,2) curr: 20
(15,4,3) curr: 72
**AFTER ROW 15 AND COL 4 CURR PROD IS 72 MAX PRODUCT IS 99
(15,5,0) curr: 62
(15,5,1) curr: 20
(15,5,2) curr: 72
(15,5,3) curr: 03
**AFTER ROW 15 AND COL 5 CURR PROD IS 03 MAX PRODUCT IS 99
(15,6,0) curr: 20
(15,6,1) curr: 72
(15,6,2) curr: 03
(15,6,3) curr: 46
**AFTER ROW 15 AND COL 6 CURR PROD IS 46 MAX PRODUCT IS 99
(15,7,0) curr: 72
(15,7,1) curr: 03
(15,7,2) curr: 46
(15,7,3) curr: 33
**AFTER ROW 15 AND COL 7 CURR PROD IS 33 MAX PRODUCT IS 99
(15,8,0) curr: 03
(15,8,1) curr: 46
(15,8,2) curr: 33
(15,8,3) curr: 67
**AFTER ROW 15 AND COL 8 CURR PROD IS 67 MAX PRODUCT IS 99
(15,9,0) curr: 46
(15,9,1) curr: 33
(15,9,2) curr: 67
(15,9,3) curr: 46
**AFTER ROW 15 AND COL 9 CURR PROD IS 46 MAX PRODUCT IS 99
(15,10,0) curr: 33
(15,10,1) curr: 67
(15,10,2) curr: 46
(15,10,3) curr: 55
**AFTER ROW 15 AND COL 10 CURR PROD IS 55 MAX PRODUCT IS 99
(15,11,0) curr: 67
(15,11,1) curr: 46
(15,11,2) curr: 55
(15,11,3) curr: 12
**AFTER ROW 15 AND COL 11 CURR PROD IS 12 MAX PRODUCT IS 99
(15,12,0) curr: 46
(15,12,1) curr: 55
(15,12,2) curr: 12
(15,12,3) curr: 32
**AFTER ROW 15 AND COL 12 CURR PROD IS 32 MAX PRODUCT IS 99
(15,13,0) curr: 55
(15,13,1) curr: 12
(15,13,2) curr: 32
(15,13,3) curr: 63
**AFTER ROW 15 AND COL 13 CURR PROD IS 63 MAX PRODUCT IS 99
(15,14,0) curr: 12
(15,14,1) curr: 32
(15,14,2) curr: 63
(15,14,3) curr: 93
**AFTER ROW 15 AND COL 14 CURR PROD IS 93 MAX PRODUCT IS 99
(15,15,0) curr: 32
(15,15,1) curr: 63
(15,15,2) curr: 93
(15,15,3) curr: 53
**AFTER ROW 15 AND COL 15 CURR PROD IS 53 MAX PRODUCT IS 99
(16,0,0) curr: 04
(16,0,1) curr: 42
(16,0,2) curr: 16
(16,0,3) curr: 73
**AFTER ROW 16 AND COL 0 CURR PROD IS 73 MAX PRODUCT IS 99
(16,1,0) curr: 42
(16,1,1) curr: 16
(16,1,2) curr: 73
(16,1,3) curr: 38
**AFTER ROW 16 AND COL 1 CURR PROD IS 38 MAX PRODUCT IS 99
(16,2,0) curr: 16
(16,2,1) curr: 73
(16,2,2) curr: 38
(16,2,3) curr: 25
**AFTER ROW 16 AND COL 2 CURR PROD IS 25 MAX PRODUCT IS 99
(16,3,0) curr: 73
(16,3,1) curr: 38
(16,3,2) curr: 25
(16,3,3) curr: 39
**AFTER ROW 16 AND COL 3 CURR PROD IS 39 MAX PRODUCT IS 99
(16,4,0) curr: 38
(16,4,1) curr: 25
(16,4,2) curr: 39
(16,4,3) curr: 11
**AFTER ROW 16 AND COL 4 CURR PROD IS 11 MAX PRODUCT IS 99
(16,5,0) curr: 25
(16,5,1) curr: 39
(16,5,2) curr: 11
(16,5,3) curr: 24
**AFTER ROW 16 AND COL 5 CURR PROD IS 24 MAX PRODUCT IS 99
(16,6,0) curr: 39
(16,6,1) curr: 11
(16,6,2) curr: 24
(16,6,3) curr: 94
**AFTER ROW 16 AND COL 6 CURR PROD IS 94 MAX PRODUCT IS 99
(16,7,0) curr: 11
(16,7,1) curr: 24
(16,7,2) curr: 94
(16,7,3) curr: 72
**AFTER ROW 16 AND COL 7 CURR PROD IS 72 MAX PRODUCT IS 99
(16,8,0) curr: 24
(16,8,1) curr: 94
(16,8,2) curr: 72
(16,8,3) curr: 18
**AFTER ROW 16 AND COL 8 CURR PROD IS 18 MAX PRODUCT IS 99
(16,9,0) curr: 94
(16,9,1) curr: 72
(16,9,2) curr: 18
(16,9,3) curr: 08
**AFTER ROW 16 AND COL 9 CURR PROD IS 08 MAX PRODUCT IS 99
(16,10,0) curr: 72
(16,10,1) curr: 18
(16,10,2) curr: 08
(16,10,3) curr: 46
**AFTER ROW 16 AND COL 10 CURR PROD IS 46 MAX PRODUCT IS 99
(16,11,0) curr: 18
(16,11,1) curr: 08
(16,11,2) curr: 46
(16,11,3) curr: 29
**AFTER ROW 16 AND COL 11 CURR PROD IS 29 MAX PRODUCT IS 99
(16,12,0) curr: 08
(16,12,1) curr: 46
(16,12,2) curr: 29
(16,12,3) curr: 32
**AFTER ROW 16 AND COL 12 CURR PROD IS 32 MAX PRODUCT IS 99
(16,13,0) curr: 46
(16,13,1) curr: 29
(16,13,2) curr: 32
(16,13,3) curr: 40
**AFTER ROW 16 AND COL 13 CURR PROD IS 40 MAX PRODUCT IS 99
(16,14,0) curr: 29
(16,14,1) curr: 32
(16,14,2) curr: 40
(16,14,3) curr: 62
**AFTER ROW 16 AND COL 14 CURR PROD IS 62 MAX PRODUCT IS 99
(16,15,0) curr: 32
(16,15,1) curr: 40
(16,15,2) curr: 62
(16,15,3) curr: 76
**AFTER ROW 16 AND COL 15 CURR PROD IS 76 MAX PRODUCT IS 99
(17,0,0) curr: 20
(17,0,1) curr: 69
(17,0,2) curr: 36
(17,0,3) curr: 41
**AFTER ROW 17 AND COL 0 CURR PROD IS 41 MAX PRODUCT IS 99
(17,1,0) curr: 69
(17,1,1) curr: 36
(17,1,2) curr: 41
(17,1,3) curr: 72
**AFTER ROW 17 AND COL 1 CURR PROD IS 72 MAX PRODUCT IS 99
(17,2,0) curr: 36
(17,2,1) curr: 41
(17,2,2) curr: 72
(17,2,3) curr: 30
**AFTER ROW 17 AND COL 2 CURR PROD IS 30 MAX PRODUCT IS 99
(17,3,0) curr: 41
(17,3,1) curr: 72
(17,3,2) curr: 30
(17,3,3) curr: 23
**AFTER ROW 17 AND COL 3 CURR PROD IS 23 MAX PRODUCT IS 99
(17,4,0) curr: 72
(17,4,1) curr: 30
(17,4,2) curr: 23
(17,4,3) curr: 88
**AFTER ROW 17 AND COL 4 CURR PROD IS 88 MAX PRODUCT IS 99
(17,5,0) curr: 30
(17,5,1) curr: 23
(17,5,2) curr: 88
(17,5,3) curr: 34
**AFTER ROW 17 AND COL 5 CURR PROD IS 34 MAX PRODUCT IS 99
(17,6,0) curr: 23
(17,6,1) curr: 88
(17,6,2) curr: 34
(17,6,3) curr: 62
**AFTER ROW 17 AND COL 6 CURR PROD IS 62 MAX PRODUCT IS 99
(17,7,0) curr: 88
(17,7,1) curr: 34
(17,7,2) curr: 62
(17,7,3) curr: 99
**AFTER ROW 17 AND COL 7 CURR PROD IS 99 MAX PRODUCT IS 99
(17,8,0) curr: 34
(17,8,1) curr: 62
(17,8,2) curr: 99
(17,8,3) curr: 69
**AFTER ROW 17 AND COL 8 CURR PROD IS 69 MAX PRODUCT IS 99
(17,9,0) curr: 62
(17,9,1) curr: 99
(17,9,2) curr: 69
(17,9,3) curr: 82
**AFTER ROW 17 AND COL 9 CURR PROD IS 82 MAX PRODUCT IS 99
(17,10,0) curr: 99
(17,10,1) curr: 69
(17,10,2) curr: 82
(17,10,3) curr: 67
**AFTER ROW 17 AND COL 10 CURR PROD IS 67 MAX PRODUCT IS 99
(17,11,0) curr: 69
(17,11,1) curr: 82
(17,11,2) curr: 67
(17,11,3) curr: 59
**AFTER ROW 17 AND COL 11 CURR PROD IS 59 MAX PRODUCT IS 99
(17,12,0) curr: 82
(17,12,1) curr: 67
(17,12,2) curr: 59
(17,12,3) curr: 85
**AFTER ROW 17 AND COL 12 CURR PROD IS 85 MAX PRODUCT IS 99
(17,13,0) curr: 67
(17,13,1) curr: 59
(17,13,2) curr: 85
(17,13,3) curr: 74
**AFTER ROW 17 AND COL 13 CURR PROD IS 74 MAX PRODUCT IS 99
(17,14,0) curr: 59
(17,14,1) curr: 85
(17,14,2) curr: 74
(17,14,3) curr: 04
**AFTER ROW 17 AND COL 14 CURR PROD IS 04 MAX PRODUCT IS 99
(17,15,0) curr: 85
(17,15,1) curr: 74
(17,15,2) curr: 04
(17,15,3) curr: 36
**AFTER ROW 17 AND COL 15 CURR PROD IS 36 MAX PRODUCT IS 99
(18,0,0) curr: 20
(18,0,1) curr: 73
(18,0,2) curr: 35
(18,0,3) curr: 29
**AFTER ROW 18 AND COL 0 CURR PROD IS 29 MAX PRODUCT IS 99
(18,1,0) curr: 73
(18,1,1) curr: 35
(18,1,2) curr: 29
(18,1,3) curr: 78
**AFTER ROW 18 AND COL 1 CURR PROD IS 78 MAX PRODUCT IS 99
(18,2,0) curr: 35
(18,2,1) curr: 29
(18,2,2) curr: 78
(18,2,3) curr: 31
**AFTER ROW 18 AND COL 2 CURR PROD IS 31 MAX PRODUCT IS 99
(18,3,0) curr: 29
(18,3,1) curr: 78
(18,3,2) curr: 31
(18,3,3) curr: 90
**AFTER ROW 18 AND COL 3 CURR PROD IS 90 MAX PRODUCT IS 99
(18,4,0) curr: 78
(18,4,1) curr: 31
(18,4,2) curr: 90
(18,4,3) curr: 01
**AFTER ROW 18 AND COL 4 CURR PROD IS 01 MAX PRODUCT IS 99
(18,5,0) curr: 31
(18,5,1) curr: 90
(18,5,2) curr: 01
(18,5,3) curr: 74
**AFTER ROW 18 AND COL 5 CURR PROD IS 74 MAX PRODUCT IS 99
(18,6,0) curr: 90
(18,6,1) curr: 01
(18,6,2) curr: 74
(18,6,3) curr: 31
**AFTER ROW 18 AND COL 6 CURR PROD IS 31 MAX PRODUCT IS 99
(18,7,0) curr: 01
(18,7,1) curr: 74
(18,7,2) curr: 31
(18,7,3) curr: 49
**AFTER ROW 18 AND COL 7 CURR PROD IS 49 MAX PRODUCT IS 99
(18,8,0) curr: 74
(18,8,1) curr: 31
(18,8,2) curr: 49
(18,8,3) curr: 71
**AFTER ROW 18 AND COL 8 CURR PROD IS 71 MAX PRODUCT IS 99
(18,9,0) curr: 31
(18,9,1) curr: 49
(18,9,2) curr: 71
(18,9,3) curr: 48
**AFTER ROW 18 AND COL 9 CURR PROD IS 48 MAX PRODUCT IS 99
(18,10,0) curr: 49
(18,10,1) curr: 71
(18,10,2) curr: 48
(18,10,3) curr: 86
**AFTER ROW 18 AND COL 10 CURR PROD IS 86 MAX PRODUCT IS 99
(18,11,0) curr: 71
(18,11,1) curr: 48
(18,11,2) curr: 86
(18,11,3) curr: 81
**AFTER ROW 18 AND COL 11 CURR PROD IS 81 MAX PRODUCT IS 99
(18,12,0) curr: 48
(18,12,1) curr: 86
(18,12,2) curr: 81
(18,12,3) curr: 16
**AFTER ROW 18 AND COL 12 CURR PROD IS 16 MAX PRODUCT IS 99
(18,13,0) curr: 86
(18,13,1) curr: 81
(18,13,2) curr: 16
(18,13,3) curr: 23
**AFTER ROW 18 AND COL 13 CURR PROD IS 23 MAX PRODUCT IS 99
(18,14,0) curr: 81
(18,14,1) curr: 16
(18,14,2) curr: 23
(18,14,3) curr: 57
**AFTER ROW 18 AND COL 14 CURR PROD IS 57 MAX PRODUCT IS 99
(18,15,0) curr: 16
(18,15,1) curr: 23
(18,15,2) curr: 57
(18,15,3) curr: 05
**AFTER ROW 18 AND COL 15 CURR PROD IS 05 MAX PRODUCT IS 99
(19,0,0) curr: 01
(19,0,1) curr: 70
(19,0,2) curr: 54
(19,0,3) curr: 71
**AFTER ROW 19 AND COL 0 CURR PROD IS 71 MAX PRODUCT IS 99
(19,1,0) curr: 70
(19,1,1) curr: 54
(19,1,2) curr: 71
(19,1,3) curr: 83
**AFTER ROW 19 AND COL 1 CURR PROD IS 83 MAX PRODUCT IS 99
(19,2,0) curr: 54
(19,2,1) curr: 71
(19,2,2) curr: 83
(19,2,3) curr: 51
**AFTER ROW 19 AND COL 2 CURR PROD IS 51 MAX PRODUCT IS 99
(19,3,0) curr: 71
(19,3,1) curr: 83
(19,3,2) curr: 51
(19,3,3) curr: 54
**AFTER ROW 19 AND COL 3 CURR PROD IS 54 MAX PRODUCT IS 99
(19,4,0) curr: 83
(19,4,1) curr: 51
(19,4,2) curr: 54
(19,4,3) curr: 69
**AFTER ROW 19 AND COL 4 CURR PROD IS 69 MAX PRODUCT IS 99
(19,5,0) curr: 51
(19,5,1) curr: 54
(19,5,2) curr: 69
(19,5,3) curr: 16
**AFTER ROW 19 AND COL 5 CURR PROD IS 16 MAX PRODUCT IS 99
(19,6,0) curr: 54
(19,6,1) curr: 69
(19,6,2) curr: 16
(19,6,3) curr: 92
**AFTER ROW 19 AND COL 6 CURR PROD IS 92 MAX PRODUCT IS 99
(19,7,0) curr: 69
(19,7,1) curr: 16
(19,7,2) curr: 92
(19,7,3) curr: 33
**AFTER ROW 19 AND COL 7 CURR PROD IS 33 MAX PRODUCT IS 99
(19,8,0) curr: 16
(19,8,1) curr: 92
(19,8,2) curr: 33
(19,8,3) curr: 48
**AFTER ROW 19 AND COL 8 CURR PROD IS 48 MAX PRODUCT IS 99
(19,9,0) curr: 92
(19,9,1) curr: 33
(19,9,2) curr: 48
(19,9,3) curr: 61
**AFTER ROW 19 AND COL 9 CURR PROD IS 61 MAX PRODUCT IS 99
(19,10,0) curr: 33
(19,10,1) curr: 48
(19,10,2) curr: 61
(19,10,3) curr: 43
**AFTER ROW 19 AND COL 10 CURR PROD IS 43 MAX PRODUCT IS 99
(19,11,0) curr: 48
(19,11,1) curr: 61
(19,11,2) curr: 43
(19,11,3) curr: 52
**AFTER ROW 19 AND COL 11 CURR PROD IS 52 MAX PRODUCT IS 99
(19,12,0) curr: 61
(19,12,1) curr: 43
(19,12,2) curr: 52
(19,12,3) curr: 01
**AFTER ROW 19 AND COL 12 CURR PROD IS 01 MAX PRODUCT IS 99
(19,13,0) curr: 43
(19,13,1) curr: 52
(19,13,2) curr: 01
(19,13,3) curr: 89
**AFTER ROW 19 AND COL 13 CURR PROD IS 89 MAX PRODUCT IS 99
(19,14,0) curr: 52
(19,14,1) curr: 01
(19,14,2) curr: 89
(19,14,3) curr: 19
**AFTER ROW 19 AND COL 14 CURR PROD IS 19 MAX PRODUCT IS 99
(19,15,0) curr: 01
(19,15,1) curr: 89
(19,15,2) curr: 19
(19,15,3) curr: 67
**AFTER ROW 19 AND COL 15 CURR PROD IS 67 MAX PRODUCT IS 99
(0,0,0) curr: 08
(0,0,1) curr: 49
(0,0,2) curr: 81
(0,0,3) curr: 52
**AFTER ROW 0 AND COL 0 CURR PROD IS 52 MAX PRODUCT IS 52
(0,1,0) curr: 49
(0,1,1) curr: 81
(0,1,2) curr: 52
(0,1,3) curr: 22
**AFTER ROW 0 AND COL 1 CURR PROD IS 22 MAX PRODUCT IS 52
(0,2,0) curr: 81
(0,2,1) curr: 52
(0,2,2) curr: 22
(0,2,3) curr: 24
**AFTER ROW 0 AND COL 2 CURR PROD IS 24 MAX PRODUCT IS 52
(0,3,0) curr: 52
(0,3,1) curr: 22
(0,3,2) curr: 24
(0,3,3) curr: 32
**AFTER ROW 0 AND COL 3 CURR PROD IS 32 MAX PRODUCT IS 52
(0,4,0) curr: 22
(0,4,1) curr: 24
(0,4,2) curr: 32
(0,4,3) curr: 67
**AFTER ROW 0 AND COL 4 CURR PROD IS 67 MAX PRODUCT IS 67
(0,5,0) curr: 24
(0,5,1) curr: 32
(0,5,2) curr: 67
(0,5,3) curr: 24
**AFTER ROW 0 AND COL 5 CURR PROD IS 24 MAX PRODUCT IS 67
(0,6,0) curr: 32
(0,6,1) curr: 67
(0,6,2) curr: 24
(0,6,3) curr: 21
**AFTER ROW 0 AND COL 6 CURR PROD IS 21 MAX PRODUCT IS 67
(0,7,0) curr: 67
(0,7,1) curr: 24
(0,7,2) curr: 21
(0,7,3) curr: 78
**AFTER ROW 0 AND COL 7 CURR PROD IS 78 MAX PRODUCT IS 78
(0,8,0) curr: 24
(0,8,1) curr: 21
(0,8,2) curr: 78
(0,8,3) curr: 16
**AFTER ROW 0 AND COL 8 CURR PROD IS 16 MAX PRODUCT IS 78
(0,9,0) curr: 21
(0,9,1) curr: 78
(0,9,2) curr: 16
(0,9,3) curr: 86
**AFTER ROW 0 AND COL 9 CURR PROD IS 86 MAX PRODUCT IS 86
(0,10,0) curr: 78
(0,10,1) curr: 16
(0,10,2) curr: 86
(0,10,3) curr: 19
**AFTER ROW 0 AND COL 10 CURR PROD IS 19 MAX PRODUCT IS 86
(0,11,0) curr: 16
(0,11,1) curr: 86
(0,11,2) curr: 19
(0,11,3) curr: 04
**AFTER ROW 0 AND COL 11 CURR PROD IS 04 MAX PRODUCT IS 86
(0,12,0) curr: 86
(0,12,1) curr: 19
(0,12,2) curr: 04
(0,12,3) curr: 88
**AFTER ROW 0 AND COL 12 CURR PROD IS 88 MAX PRODUCT IS 88
(0,13,0) curr: 19
(0,13,1) curr: 04
(0,13,2) curr: 88
(0,13,3) curr: 04
**AFTER ROW 0 AND COL 13 CURR PROD IS 04 MAX PRODUCT IS 88
(0,14,0) curr: 04
(0,14,1) curr: 88
(0,14,2) curr: 04
(0,14,3) curr: 20
**AFTER ROW 0 AND COL 14 CURR PROD IS 20 MAX PRODUCT IS 88
(0,15,0) curr: 88
(0,15,1) curr: 04
(0,15,2) curr: 20
(0,15,3) curr: 20
**AFTER ROW 0 AND COL 15 CURR PROD IS 20 MAX PRODUCT IS 88
(1,0,0) curr: 02
(1,0,1) curr: 49
(1,0,2) curr: 49
(1,0,3) curr: 70
**AFTER ROW 1 AND COL 0 CURR PROD IS 70 MAX PRODUCT IS 88
(1,1,0) curr: 49
(1,1,1) curr: 49
(1,1,2) curr: 70
(1,1,3) curr: 31
**AFTER ROW 1 AND COL 1 CURR PROD IS 31 MAX PRODUCT IS 88
(1,2,0) curr: 49
(1,2,1) curr: 70
(1,2,2) curr: 31
(1,2,3) curr: 47
**AFTER ROW 1 AND COL 2 CURR PROD IS 47 MAX PRODUCT IS 88
(1,3,0) curr: 70
(1,3,1) curr: 31
(1,3,2) curr: 47
(1,3,3) curr: 98
**AFTER ROW 1 AND COL 3 CURR PROD IS 98 MAX PRODUCT IS 98
(1,4,0) curr: 31
(1,4,1) curr: 47
(1,4,2) curr: 98
(1,4,3) curr: 26
**AFTER ROW 1 AND COL 4 CURR PROD IS 26 MAX PRODUCT IS 98
(1,5,0) curr: 47
(1,5,1) curr: 98
(1,5,2) curr: 26
(1,5,3) curr: 55
**AFTER ROW 1 AND COL 5 CURR PROD IS 55 MAX PRODUCT IS 98
(1,6,0) curr: 98
(1,6,1) curr: 26
(1,6,2) curr: 55
(1,6,3) curr: 36
**AFTER ROW 1 AND COL 6 CURR PROD IS 36 MAX PRODUCT IS 98
(1,7,0) curr: 26
(1,7,1) curr: 55
(1,7,2) curr: 36
(1,7,3) curr: 17
**AFTER ROW 1 AND COL 7 CURR PROD IS 17 MAX PRODUCT IS 98
(1,8,0) curr: 55
(1,8,1) curr: 36
(1,8,2) curr: 17
(1,8,3) curr: 39
**AFTER ROW 1 AND COL 8 CURR PROD IS 39 MAX PRODUCT IS 98
(1,9,0) curr: 36
(1,9,1) curr: 17
(1,9,2) curr: 39
(1,9,3) curr: 56
**AFTER ROW 1 AND COL 9 CURR PROD IS 56 MAX PRODUCT IS 98
(1,10,0) curr: 17
(1,10,1) curr: 39
(1,10,2) curr: 56
(1,10,3) curr: 80
**AFTER ROW 1 AND COL 10 CURR PROD IS 80 MAX PRODUCT IS 98
(1,11,0) curr: 39
(1,11,1) curr: 56
(1,11,2) curr: 80
(1,11,3) curr: 52
**AFTER ROW 1 AND COL 11 CURR PROD IS 52 MAX PRODUCT IS 98
(1,12,0) curr: 56
(1,12,1) curr: 80
(1,12,2) curr: 52
(1,12,3) curr: 36
**AFTER ROW 1 AND COL 12 CURR PROD IS 36 MAX PRODUCT IS 98
(1,13,0) curr: 80
(1,13,1) curr: 52
(1,13,2) curr: 36
(1,13,3) curr: 42
**AFTER ROW 1 AND COL 13 CURR PROD IS 42 MAX PRODUCT IS 98
(1,14,0) curr: 52
(1,14,1) curr: 36
(1,14,2) curr: 42
(1,14,3) curr: 69
**AFTER ROW 1 AND COL 14 CURR PROD IS 69 MAX PRODUCT IS 98
(1,15,0) curr: 36
(1,15,1) curr: 42
(1,15,2) curr: 69
(1,15,3) curr: 73
**AFTER ROW 1 AND COL 15 CURR PROD IS 73 MAX PRODUCT IS 98
(2,0,0) curr: 22
(2,0,1) curr: 99
(2,0,2) curr: 31
(2,0,3) curr: 95
**AFTER ROW 2 AND COL 0 CURR PROD IS 95 MAX PRODUCT IS 98
(2,1,0) curr: 99
(2,1,1) curr: 31
(2,1,2) curr: 95
(2,1,3) curr: 16
**AFTER ROW 2 AND COL 1 CURR PROD IS 16 MAX PRODUCT IS 98
(2,2,0) curr: 31
(2,2,1) curr: 95
(2,2,2) curr: 16
(2,2,3) curr: 32
**AFTER ROW 2 AND COL 2 CURR PROD IS 32 MAX PRODUCT IS 98
(2,3,0) curr: 95
(2,3,1) curr: 16
(2,3,2) curr: 32
(2,3,3) curr: 81
**AFTER ROW 2 AND COL 3 CURR PROD IS 81 MAX PRODUCT IS 98
(2,4,0) curr: 16
(2,4,1) curr: 32
(2,4,2) curr: 81
(2,4,3) curr: 20
**AFTER ROW 2 AND COL 4 CURR PROD IS 20 MAX PRODUCT IS 98
(2,5,0) curr: 32
(2,5,1) curr: 81
(2,5,2) curr: 20
(2,5,3) curr: 58
**AFTER ROW 2 AND COL 5 CURR PROD IS 58 MAX PRODUCT IS 98
(2,6,0) curr: 81
(2,6,1) curr: 20
(2,6,2) curr: 58
(2,6,3) curr: 23
**AFTER ROW 2 AND COL 6 CURR PROD IS 23 MAX PRODUCT IS 98
(2,7,0) curr: 20
(2,7,1) curr: 58
(2,7,2) curr: 23
(2,7,3) curr: 53
**AFTER ROW 2 AND COL 7 CURR PROD IS 53 MAX PRODUCT IS 98
(2,8,0) curr: 58
(2,8,1) curr: 23
(2,8,2) curr: 53
(2,8,3) curr: 05
**AFTER ROW 2 AND COL 8 CURR PROD IS 05 MAX PRODUCT IS 98
(2,9,0) curr: 23
(2,9,1) curr: 53
(2,9,2) curr: 05
(2,9,3) curr: 00
**AFTER ROW 2 AND COL 9 CURR PROD IS 00 MAX PRODUCT IS 98
(2,10,0) curr: 53
(2,10,1) curr: 05
(2,10,2) curr: 00
(2,10,3) curr: 81
**AFTER ROW 2 AND COL 10 CURR PROD IS 81 MAX PRODUCT IS 98
(2,11,0) curr: 05
(2,11,1) curr: 00
(2,11,2) curr: 81
(2,11,3) curr: 08
**AFTER ROW 2 AND COL 11 CURR PROD IS 08 MAX PRODUCT IS 98
(2,12,0) curr: 00
(2,12,1) curr: 81
(2,12,2) curr: 08
(2,12,3) curr: 68
**AFTER ROW 2 AND COL 12 CURR PROD IS 68 MAX PRODUCT IS 98
(2,13,0) curr: 81
(2,13,1) curr: 08
(2,13,2) curr: 68
(2,13,3) curr: 16
**AFTER ROW 2 AND COL 13 CURR PROD IS 16 MAX PRODUCT IS 98
(2,14,0) curr: 08
(2,14,1) curr: 68
(2,14,2) curr: 16
(2,14,3) curr: 36
**AFTER ROW 2 AND COL 14 CURR PROD IS 36 MAX PRODUCT IS 98
(2,15,0) curr: 68
(2,15,1) curr: 16
(2,15,2) curr: 36
(2,15,3) curr: 35
**AFTER ROW 2 AND COL 15 CURR PROD IS 35 MAX PRODUCT IS 98
(3,0,0) curr: 97
(3,0,1) curr: 40
(3,0,2) curr: 73
(3,0,3) curr: 23
**AFTER ROW 3 AND COL 0 CURR PROD IS 23 MAX PRODUCT IS 98
(3,1,0) curr: 40
(3,1,1) curr: 73
(3,1,2) curr: 23
(3,1,3) curr: 71
**AFTER ROW 3 AND COL 1 CURR PROD IS 71 MAX PRODUCT IS 98
(3,2,0) curr: 73
(3,2,1) curr: 23
(3,2,2) curr: 71
(3,2,3) curr: 60
**AFTER ROW 3 AND COL 2 CURR PROD IS 60 MAX PRODUCT IS 98
(3,3,0) curr: 23
(3,3,1) curr: 71
(3,3,2) curr: 60
(3,3,3) curr: 28
**AFTER ROW 3 AND COL 3 CURR PROD IS 28 MAX PRODUCT IS 98
(3,4,0) curr: 71
(3,4,1) curr: 60
(3,4,2) curr: 28
(3,4,3) curr: 68
**AFTER ROW 3 AND COL 4 CURR PROD IS 68 MAX PRODUCT IS 98
(3,5,0) curr: 60
(3,5,1) curr: 28
(3,5,2) curr: 68
(3,5,3) curr: 05
**AFTER ROW 3 AND COL 5 CURR PROD IS 05 MAX PRODUCT IS 98
(3,6,0) curr: 28
(3,6,1) curr: 68
(3,6,2) curr: 05
(3,6,3) curr: 09
**AFTER ROW 3 AND COL 6 CURR PROD IS 09 MAX PRODUCT IS 98
(3,7,0) curr: 68
(3,7,1) curr: 05
(3,7,2) curr: 09
(3,7,3) curr: 28
**AFTER ROW 3 AND COL 7 CURR PROD IS 28 MAX PRODUCT IS 98
(3,8,0) curr: 05
(3,8,1) curr: 09
(3,8,2) curr: 28
(3,8,3) curr: 42
**AFTER ROW 3 AND COL 8 CURR PROD IS 42 MAX PRODUCT IS 98
(3,9,0) curr: 09
(3,9,1) curr: 28
(3,9,2) curr: 42
(3,9,3) curr: 48
**AFTER ROW 3 AND COL 9 CURR PROD IS 48 MAX PRODUCT IS 98
(3,10,0) curr: 28
(3,10,1) curr: 42
(3,10,2) curr: 48
(3,10,3) curr: 68
**AFTER ROW 3 AND COL 10 CURR PROD IS 68 MAX PRODUCT IS 98
(3,11,0) curr: 42
(3,11,1) curr: 48
(3,11,2) curr: 68
(3,11,3) curr: 83
**AFTER ROW 3 AND COL 11 CURR PROD IS 83 MAX PRODUCT IS 98
(3,12,0) curr: 48
(3,12,1) curr: 68
(3,12,2) curr: 83
(3,12,3) curr: 87
**AFTER ROW 3 AND COL 12 CURR PROD IS 87 MAX PRODUCT IS 98
(3,13,0) curr: 68
(3,13,1) curr: 83
(3,13,2) curr: 87
(3,13,3) curr: 73
**AFTER ROW 3 AND COL 13 CURR PROD IS 73 MAX PRODUCT IS 98
(3,14,0) curr: 83
(3,14,1) curr: 87
(3,14,2) curr: 73
(3,14,3) curr: 41
**AFTER ROW 3 AND COL 14 CURR PROD IS 41 MAX PRODUCT IS 98
(3,15,0) curr: 87
(3,15,1) curr: 73
(3,15,2) curr: 41
(3,15,3) curr: 29
**AFTER ROW 3 AND COL 15 CURR PROD IS 29 MAX PRODUCT IS 98
(4,0,0) curr: 38
(4,0,1) curr: 17
(4,0,2) curr: 55
(4,0,3) curr: 04
**AFTER ROW 4 AND COL 0 CURR PROD IS 04 MAX PRODUCT IS 98
(4,1,0) curr: 17
(4,1,1) curr: 55
(4,1,2) curr: 04
(4,1,3) curr: 51
**AFTER ROW 4 AND COL 1 CURR PROD IS 51 MAX PRODUCT IS 98
(4,2,0) curr: 55
(4,2,1) curr: 04
(4,2,2) curr: 51
(4,2,3) curr: 99
**AFTER ROW 4 AND COL 2 CURR PROD IS 99 MAX PRODUCT IS 99
(4,3,0) curr: 04
(4,3,1) curr: 51
(4,3,2) curr: 99
(4,3,3) curr: 64
**AFTER ROW 4 AND COL 3 CURR PROD IS 64 MAX PRODUCT IS 99
(4,4,0) curr: 51
(4,4,1) curr: 99
(4,4,2) curr: 64
(4,4,3) curr: 02
**AFTER ROW 4 AND COL 4 CURR PROD IS 02 MAX PRODUCT IS 99
(4,5,0) curr: 99
(4,5,1) curr: 64
(4,5,2) curr: 02
(4,5,3) curr: 66
**AFTER ROW 4 AND COL 5 CURR PROD IS 66 MAX PRODUCT IS 99
(4,6,0) curr: 64
(4,6,1) curr: 02
(4,6,2) curr: 66
(4,6,3) curr: 75
**AFTER ROW 4 AND COL 6 CURR PROD IS 75 MAX PRODUCT IS 99
(4,7,0) curr: 02
(4,7,1) curr: 66
(4,7,2) curr: 75
(4,7,3) curr: 22
**AFTER ROW 4 AND COL 7 CURR PROD IS 22 MAX PRODUCT IS 99
(4,8,0) curr: 66
(4,8,1) curr: 75
(4,8,2) curr: 22
(4,8,3) curr: 96
**AFTER ROW 4 AND COL 8 CURR PROD IS 96 MAX PRODUCT IS 99
(4,9,0) curr: 75
(4,9,1) curr: 22
(4,9,2) curr: 96
(4,9,3) curr: 35
**AFTER ROW 4 AND COL 9 CURR PROD IS 35 MAX PRODUCT IS 99
(4,10,0) curr: 22
(4,10,1) curr: 96
(4,10,2) curr: 35
(4,10,3) curr: 05
**AFTER ROW 4 AND COL 10 CURR PROD IS 05 MAX PRODUCT IS 99
(4,11,0) curr: 96
(4,11,1) curr: 35
(4,11,2) curr: 05
(4,11,3) curr: 97
**AFTER ROW 4 AND COL 11 CURR PROD IS 97 MAX PRODUCT IS 99
(4,12,0) curr: 35
(4,12,1) curr: 05
(4,12,2) curr: 97
(4,12,3) curr: 57
**AFTER ROW 4 AND COL 12 CURR PROD IS 57 MAX PRODUCT IS 99
(4,13,0) curr: 05
(4,13,1) curr: 97
(4,13,2) curr: 57
(4,13,3) curr: 38
**AFTER ROW 4 AND COL 13 CURR PROD IS 38 MAX PRODUCT IS 99
(4,14,0) curr: 97
(4,14,1) curr: 57
(4,14,2) curr: 38
(4,14,3) curr: 72
**AFTER ROW 4 AND COL 14 CURR PROD IS 72 MAX PRODUCT IS 99
(4,15,0) curr: 57
(4,15,1) curr: 38
(4,15,2) curr: 72
(4,15,3) curr: 78
**AFTER ROW 4 AND COL 15 CURR PROD IS 78 MAX PRODUCT IS 99
(5,0,0) curr: 15
(5,0,1) curr: 81
(5,0,2) curr: 79
(5,0,3) curr: 60
**AFTER ROW 5 AND COL 0 CURR PROD IS 60 MAX PRODUCT IS 99
(5,1,0) curr: 81
(5,1,1) curr: 79
(5,1,2) curr: 60
(5,1,3) curr: 67
**AFTER ROW 5 AND COL 1 CURR PROD IS 67 MAX PRODUCT IS 99
(5,2,0) curr: 79
(5,2,1) curr: 60
(5,2,2) curr: 67
(5,2,3) curr: 03
**AFTER ROW 5 AND COL 2 CURR PROD IS 03 MAX PRODUCT IS 99
(5,3,0) curr: 60
(5,3,1) curr: 67
(5,3,2) curr: 03
(5,3,3) curr: 23
**AFTER ROW 5 AND COL 3 CURR PROD IS 23 MAX PRODUCT IS 99
(5,4,0) curr: 67
(5,4,1) curr: 03
(5,4,2) curr: 23
(5,4,3) curr: 62
**AFTER ROW 5 AND COL 4 CURR PROD IS 62 MAX PRODUCT IS 99
(5,5,0) curr: 03
(5,5,1) curr: 23
(5,5,2) curr: 62
(5,5,3) curr: 73
**AFTER ROW 5 AND COL 5 CURR PROD IS 73 MAX PRODUCT IS 99
(5,6,0) curr: 23
(5,6,1) curr: 62
(5,6,2) curr: 73
(5,6,3) curr: 00
**AFTER ROW 5 AND COL 6 CURR PROD IS 00 MAX PRODUCT IS 99
(5,7,0) curr: 62
(5,7,1) curr: 73
(5,7,2) curr: 00
(5,7,3) curr: 75
**AFTER ROW 5 AND COL 7 CURR PROD IS 75 MAX PRODUCT IS 99
(5,8,0) curr: 73
(5,8,1) curr: 00
(5,8,2) curr: 75
(5,8,3) curr: 35
**AFTER ROW 5 AND COL 8 CURR PROD IS 35 MAX PRODUCT IS 99
(5,9,0) curr: 00
(5,9,1) curr: 75
(5,9,2) curr: 35
(5,9,3) curr: 71
**AFTER ROW 5 AND COL 9 CURR PROD IS 71 MAX PRODUCT IS 99
(5,10,0) curr: 75
(5,10,1) curr: 35
(5,10,2) curr: 71
(5,10,3) curr: 94
**AFTER ROW 5 AND COL 10 CURR PROD IS 94 MAX PRODUCT IS 99
(5,11,0) curr: 35
(5,11,1) curr: 71
(5,11,2) curr: 94
(5,11,3) curr: 35
**AFTER ROW 5 AND COL 11 CURR PROD IS 35 MAX PRODUCT IS 99
(5,12,0) curr: 71
(5,12,1) curr: 94
(5,12,2) curr: 35
(5,12,3) curr: 62
**AFTER ROW 5 AND COL 12 CURR PROD IS 62 MAX PRODUCT IS 99
(5,13,0) curr: 94
(5,13,1) curr: 35
(5,13,2) curr: 62
(5,13,3) curr: 25
**AFTER ROW 5 AND COL 13 CURR PROD IS 25 MAX PRODUCT IS 99
(5,14,0) curr: 35
(5,14,1) curr: 62
(5,14,2) curr: 25
(5,14,3) curr: 30
**AFTER ROW 5 AND COL 14 CURR PROD IS 30 MAX PRODUCT IS 99
(5,15,0) curr: 62
(5,15,1) curr: 25
(5,15,2) curr: 30
(5,15,3) curr: 31
**AFTER ROW 5 AND COL 15 CURR PROD IS 31 MAX PRODUCT IS 99
(6,0,0) curr: 00
(6,0,1) curr: 18
(6,0,2) curr: 14
(6,0,3) curr: 11
**AFTER ROW 6 AND COL 0 CURR PROD IS 11 MAX PRODUCT IS 99
(6,1,0) curr: 18
(6,1,1) curr: 14
(6,1,2) curr: 11
(6,1,3) curr: 63
**AFTER ROW 6 AND COL 1 CURR PROD IS 63 MAX PRODUCT IS 99
(6,2,0) curr: 14
(6,2,1) curr: 11
(6,2,2) curr: 63
(6,2,3) curr: 45
**AFTER ROW 6 AND COL 2 CURR PROD IS 45 MAX PRODUCT IS 99
(6,3,0) curr: 11
(6,3,1) curr: 63
(6,3,2) curr: 45
(6,3,3) curr: 67
**AFTER ROW 6 AND COL 3 CURR PROD IS 67 MAX PRODUCT IS 99
(6,4,0) curr: 63
(6,4,1) curr: 45
(6,4,2) curr: 67
(6,4,3) curr: 12
**AFTER ROW 6 AND COL 4 CURR PROD IS 12 MAX PRODUCT IS 99
(6,5,0) curr: 45
(6,5,1) curr: 67
(6,5,2) curr: 12
(6,5,3) curr: 99
**AFTER ROW 6 AND COL 5 CURR PROD IS 99 MAX PRODUCT IS 99
(6,6,0) curr: 67
(6,6,1) curr: 12
(6,6,2) curr: 99
(6,6,3) curr: 76
**AFTER ROW 6 AND COL 6 CURR PROD IS 76 MAX PRODUCT IS 99
(6,7,0) curr: 12
(6,7,1) curr: 99
(6,7,2) curr: 76
(6,7,3) curr: 31
**AFTER ROW 6 AND COL 7 CURR PROD IS 31 MAX PRODUCT IS 99
(6,8,0) curr: 99
(6,8,1) curr: 76
(6,8,2) curr: 31
(6,8,3) curr: 31
**AFTER ROW 6 AND COL 8 CURR PROD IS 31 MAX PRODUCT IS 99
(6,9,0) curr: 76
(6,9,1) curr: 31
(6,9,2) curr: 31
(6,9,3) curr: 89
**AFTER ROW 6 AND COL 9 CURR PROD IS 89 MAX PRODUCT IS 99
(6,10,0) curr: 31
(6,10,1) curr: 31
(6,10,2) curr: 89
(6,10,3) curr: 47
**AFTER ROW 6 AND COL 10 CURR PROD IS 47 MAX PRODUCT IS 99
(6,11,0) curr: 31
(6,11,1) curr: 89
(6,11,2) curr: 47
(6,11,3) curr: 99
**AFTER ROW 6 AND COL 11 CURR PROD IS 99 MAX PRODUCT IS 99
(6,12,0) curr: 89
(6,12,1) curr: 47
(6,12,2) curr: 99
(6,12,3) curr: 20
**AFTER ROW 6 AND COL 12 CURR PROD IS 20 MAX PRODUCT IS 99
(6,13,0) curr: 47
(6,13,1) curr: 99
(6,13,2) curr: 20
(6,13,3) curr: 39
**AFTER ROW 6 AND COL 13 CURR PROD IS 39 MAX PRODUCT IS 99
(6,14,0) curr: 99
(6,14,1) curr: 20
(6,14,2) curr: 39
(6,14,3) curr: 23
**AFTER ROW 6 AND COL 14 CURR PROD IS 23 MAX PRODUCT IS 99
(6,15,0) curr: 20
(6,15,1) curr: 39
(6,15,2) curr: 23
(6,15,3) curr: 90
**AFTER ROW 6 AND COL 15 CURR PROD IS 90 MAX PRODUCT IS 99
(7,0,0) curr: 40
(7,0,1) curr: 57
(7,0,2) curr: 29
(7,0,3) curr: 42
**AFTER ROW 7 AND COL 0 CURR PROD IS 42 MAX PRODUCT IS 99
(7,1,0) curr: 57
(7,1,1) curr: 29
(7,1,2) curr: 42
(7,1,3) curr: 89
**AFTER ROW 7 AND COL 1 CURR PROD IS 89 MAX PRODUCT IS 99
(7,2,0) curr: 29
(7,2,1) curr: 42
(7,2,2) curr: 89
(7,2,3) curr: 02
**AFTER ROW 7 AND COL 2 CURR PROD IS 02 MAX PRODUCT IS 99
(7,3,0) curr: 42
(7,3,1) curr: 89
(7,3,2) curr: 02
(7,3,3) curr: 10
**AFTER ROW 7 AND COL 3 CURR PROD IS 10 MAX PRODUCT IS 99
(7,4,0) curr: 89
(7,4,1) curr: 02
(7,4,2) curr: 10
(7,4,3) curr: 20
**AFTER ROW 7 AND COL 4 CURR PROD IS 20 MAX PRODUCT IS 99
(7,5,0) curr: 02
(7,5,1) curr: 10
(7,5,2) curr: 20
(7,5,3) curr: 26
**AFTER ROW 7 AND COL 5 CURR PROD IS 26 MAX PRODUCT IS 99
(7,6,0) curr: 10
(7,6,1) curr: 20
(7,6,2) curr: 26
(7,6,3) curr: 44
**AFTER ROW 7 AND COL 6 CURR PROD IS 44 MAX PRODUCT IS 99
(7,7,0) curr: 20
(7,7,1) curr: 26
(7,7,2) curr: 44
(7,7,3) curr: 67
**AFTER ROW 7 AND COL 7 CURR PROD IS 67 MAX PRODUCT IS 99
(7,8,0) curr: 26
(7,8,1) curr: 44
(7,8,2) curr: 67
(7,8,3) curr: 47
**AFTER ROW 7 AND COL 8 CURR PROD IS 47 MAX PRODUCT IS 99
(7,9,0) curr: 44
(7,9,1) curr: 67
(7,9,2) curr: 47
(7,9,3) curr: 07
**AFTER ROW 7 AND COL 9 CURR PROD IS 07 MAX PRODUCT IS 99
(7,10,0) curr: 67
(7,10,1) curr: 47
(7,10,2) curr: 07
(7,10,3) curr: 69
**AFTER ROW 7 AND COL 10 CURR PROD IS 69 MAX PRODUCT IS 99
(7,11,0) curr: 47
(7,11,1) curr: 07
(7,11,2) curr: 69
(7,11,3) curr: 16
**AFTER ROW 7 AND COL 11 CURR PROD IS 16 MAX PRODUCT IS 99
(7,12,0) curr: 07
(7,12,1) curr: 69
(7,12,2) curr: 16
(7,12,3) curr: 72
**AFTER ROW 7 AND COL 12 CURR PROD IS 72 MAX PRODUCT IS 99
(7,13,0) curr: 69
(7,13,1) curr: 16
(7,13,2) curr: 72
(7,13,3) curr: 11
**AFTER ROW 7 AND COL 13 CURR PROD IS 11 MAX PRODUCT IS 99
(7,14,0) curr: 16
(7,14,1) curr: 72
(7,14,2) curr: 11
(7,14,3) curr: 88
**AFTER ROW 7 AND COL 14 CURR PROD IS 88 MAX PRODUCT IS 99
(7,15,0) curr: 72
(7,15,1) curr: 11
(7,15,2) curr: 88
(7,15,3) curr: 01
**AFTER ROW 7 AND COL 15 CURR PROD IS 01 MAX PRODUCT IS 99
(8,0,0) curr: 00
(8,0,1) curr: 60
(8,0,2) curr: 93
(8,0,3) curr: 69
**AFTER ROW 8 AND COL 0 CURR PROD IS 69 MAX PRODUCT IS 99
(8,1,0) curr: 60
(8,1,1) curr: 93
(8,1,2) curr: 69
(8,1,3) curr: 41
**AFTER ROW 8 AND COL 1 CURR PROD IS 41 MAX PRODUCT IS 99
(8,2,0) curr: 93
(8,2,1) curr: 69
(8,2,2) curr: 41
(8,2,3) curr: 44
**AFTER ROW 8 AND COL 2 CURR PROD IS 44 MAX PRODUCT IS 99
(8,3,0) curr: 69
(8,3,1) curr: 41
(8,3,2) curr: 44
(8,3,3) curr: 26
**AFTER ROW 8 AND COL 3 CURR PROD IS 26 MAX PRODUCT IS 99
(8,4,0) curr: 41
(8,4,1) curr: 44
(8,4,2) curr: 26
(8,4,3) curr: 95
**AFTER ROW 8 AND COL 4 CURR PROD IS 95 MAX PRODUCT IS 99
(8,5,0) curr: 44
(8,5,1) curr: 26
(8,5,2) curr: 95
(8,5,3) curr: 97
**AFTER ROW 8 AND COL 5 CURR PROD IS 97 MAX PRODUCT IS 99
(8,6,0) curr: 26
(8,6,1) curr: 95
(8,6,2) curr: 97
(8,6,3) curr: 20
**AFTER ROW 8 AND COL 6 CURR PROD IS 20 MAX PRODUCT IS 99
(8,7,0) curr: 95
(8,7,1) curr: 97
(8,7,2) curr: 20
(8,7,3) curr: 15
**AFTER ROW 8 AND COL 7 CURR PROD IS 15 MAX PRODUCT IS 99
(8,8,0) curr: 97
(8,8,1) curr: 20
(8,8,2) curr: 15
(8,8,3) curr: 55
**AFTER ROW 8 AND COL 8 CURR PROD IS 55 MAX PRODUCT IS 99
(8,9,0) curr: 20
(8,9,1) curr: 15
(8,9,2) curr: 55
(8,9,3) curr: 05
**AFTER ROW 8 AND COL 9 CURR PROD IS 05 MAX PRODUCT IS 99
(8,10,0) curr: 15
(8,10,1) curr: 55
(8,10,2) curr: 05
(8,10,3) curr: 28
**AFTER ROW 8 AND COL 10 CURR PROD IS 28 MAX PRODUCT IS 99
(8,11,0) curr: 55
(8,11,1) curr: 05
(8,11,2) curr: 28
(8,11,3) curr: 07
**AFTER ROW 8 AND COL 11 CURR PROD IS 07 MAX PRODUCT IS 99
(8,12,0) curr: 05
(8,12,1) curr: 28
(8,12,2) curr: 07
(8,12,3) curr: 03
**AFTER ROW 8 AND COL 12 CURR PROD IS 03 MAX PRODUCT IS 99
(8,13,0) curr: 28
(8,13,1) curr: 07
(8,13,2) curr: 03
(8,13,3) curr: 24
**AFTER ROW 8 AND COL 13 CURR PROD IS 24 MAX PRODUCT IS 99
(8,14,0) curr: 07
(8,14,1) curr: 03
(8,14,2) curr: 24
(8,14,3) curr: 34
**AFTER ROW 8 AND COL 14 CURR PROD IS 34 MAX PRODUCT IS 99
(8,15,0) curr: 03
(8,15,1) curr: 24
(8,15,2) curr: 34
(8,15,3) curr: 74
**AFTER ROW 8 AND COL 15 CURR PROD IS 74 MAX PRODUCT IS 99
(9,0,0) curr: 75
(9,0,1) curr: 87
(9,0,2) curr: 71
(9,0,3) curr: 24
**AFTER ROW 9 AND COL 0 CURR PROD IS 24 MAX PRODUCT IS 99
(9,1,0) curr: 87
(9,1,1) curr: 71
(9,1,2) curr: 24
(9,1,3) curr: 92
**AFTER ROW 9 AND COL 1 CURR PROD IS 92 MAX PRODUCT IS 99
(9,2,0) curr: 71
(9,2,1) curr: 24
(9,2,2) curr: 92
(9,2,3) curr: 75
**AFTER ROW 9 AND COL 2 CURR PROD IS 75 MAX PRODUCT IS 99
(9,3,0) curr: 24
(9,3,1) curr: 92
(9,3,2) curr: 75
(9,3,3) curr: 38
**AFTER ROW 9 AND COL 3 CURR PROD IS 38 MAX PRODUCT IS 99
(9,4,0) curr: 92
(9,4,1) curr: 75
(9,4,2) curr: 38
(9,4,3) curr: 63
**AFTER ROW 9 AND COL 4 CURR PROD IS 63 MAX PRODUCT IS 99
(9,5,0) curr: 75
(9,5,1) curr: 38
(9,5,2) curr: 63
(9,5,3) curr: 17
**AFTER ROW 9 AND COL 5 CURR PROD IS 17 MAX PRODUCT IS 99
(9,6,0) curr: 38
(9,6,1) curr: 63
(9,6,2) curr: 17
(9,6,3) curr: 45
**AFTER ROW 9 AND COL 6 CURR PROD IS 45 MAX PRODUCT IS 99
(9,7,0) curr: 63
(9,7,1) curr: 17
(9,7,2) curr: 45
(9,7,3) curr: 94
**AFTER ROW 9 AND COL 7 CURR PROD IS 94 MAX PRODUCT IS 99
(9,8,0) curr: 17
(9,8,1) curr: 45
(9,8,2) curr: 94
(9,8,3) curr: 58
**AFTER ROW 9 AND COL 8 CURR PROD IS 58 MAX PRODUCT IS 99
(9,9,0) curr: 45
(9,9,1) curr: 94
(9,9,2) curr: 58
(9,9,3) curr: 44
**AFTER ROW 9 AND COL 9 CURR PROD IS 44 MAX PRODUCT IS 99
(9,10,0) curr: 94
(9,10,1) curr: 58
(9,10,2) curr: 44
(9,10,3) curr: 73
**AFTER ROW 9 AND COL 10 CURR PROD IS 73 MAX PRODUCT IS 99
(9,11,0) curr: 58
(9,11,1) curr: 44
(9,11,2) curr: 73
(9,11,3) curr: 97
**AFTER ROW 9 AND COL 11 CURR PROD IS 97 MAX PRODUCT IS 99
(9,12,0) curr: 44
(9,12,1) curr: 73
(9,12,2) curr: 97
(9,12,3) curr: 46
**AFTER ROW 9 AND COL 12 CURR PROD IS 46 MAX PRODUCT IS 99
(9,13,0) curr: 73
(9,13,1) curr: 97
(9,13,2) curr: 46
(9,13,3) curr: 94
**AFTER ROW 9 AND COL 13 CURR PROD IS 94 MAX PRODUCT IS 99
(9,14,0) curr: 97
(9,14,1) curr: 46
(9,14,2) curr: 94
(9,14,3) curr: 62
**AFTER ROW 9 AND COL 14 CURR PROD IS 62 MAX PRODUCT IS 99
(9,15,0) curr: 46
(9,15,1) curr: 94
(9,15,2) curr: 62
(9,15,3) curr: 31
**AFTER ROW 9 AND COL 15 CURR PROD IS 31 MAX PRODUCT IS 99
(10,0,0) curr: 04
(10,0,1) curr: 17
(10,0,2) curr: 40
(10,0,3) curr: 68
**AFTER ROW 10 AND COL 0 CURR PROD IS 68 MAX PRODUCT IS 99
(10,1,0) curr: 17
(10,1,1) curr: 40
(10,1,2) curr: 68
(10,1,3) curr: 36
**AFTER ROW 10 AND COL 1 CURR PROD IS 36 MAX PRODUCT IS 99
(10,2,0) curr: 40
(10,2,1) curr: 68
(10,2,2) curr: 36
(10,2,3) curr: 33
**AFTER ROW 10 AND COL 2 CURR PROD IS 33 MAX PRODUCT IS 99
(10,3,0) curr: 68
(10,3,1) curr: 36
(10,3,2) curr: 33
(10,3,3) curr: 40
**AFTER ROW 10 AND COL 3 CURR PROD IS 40 MAX PRODUCT IS 99
(10,4,0) curr: 36
(10,4,1) curr: 33
(10,4,2) curr: 40
(10,4,3) curr: 94
**AFTER ROW 10 AND COL 4 CURR PROD IS 94 MAX PRODUCT IS 99
(10,5,0) curr: 33
(10,5,1) curr: 40
(10,5,2) curr: 94
(10,5,3) curr: 78
**AFTER ROW 10 AND COL 5 CURR PROD IS 78 MAX PRODUCT IS 99
(10,6,0) curr: 40
(10,6,1) curr: 94
(10,6,2) curr: 78
(10,6,3) curr: 35
**AFTER ROW 10 AND COL 6 CURR PROD IS 35 MAX PRODUCT IS 99
(10,7,0) curr: 94
(10,7,1) curr: 78
(10,7,2) curr: 35
(10,7,3) curr: 03
**AFTER ROW 10 AND COL 7 CURR PROD IS 03 MAX PRODUCT IS 99
(10,8,0) curr: 78
(10,8,1) curr: 35
(10,8,2) curr: 03
(10,8,3) curr: 88
**AFTER ROW 10 AND COL 8 CURR PROD IS 88 MAX PRODUCT IS 99
(10,9,0) curr: 35
(10,9,1) curr: 03
(10,9,2) curr: 88
(10,9,3) curr: 44
**AFTER ROW 10 AND COL 9 CURR PROD IS 44 MAX PRODUCT IS 99
(10,10,0) curr: 03
(10,10,1) curr: 88
(10,10,2) curr: 44
(10,10,3) curr: 92
**AFTER ROW 10 AND COL 10 CURR PROD IS 92 MAX PRODUCT IS 99
(10,11,0) curr: 88
(10,11,1) curr: 44
(10,11,2) curr: 92
(10,11,3) curr: 57
**AFTER ROW 10 AND COL 11 CURR PROD IS 57 MAX PRODUCT IS 99
(10,12,0) curr: 44
(10,12,1) curr: 92
(10,12,2) curr: 57
(10,12,3) curr: 33
**AFTER ROW 10 AND COL 12 CURR PROD IS 33 MAX PRODUCT IS 99
(10,13,0) curr: 92
(10,13,1) curr: 57
(10,13,2) curr: 33
(10,13,3) curr: 72
**AFTER ROW 10 AND COL 13 CURR PROD IS 72 MAX PRODUCT IS 99
(10,14,0) curr: 57
(10,14,1) curr: 33
(10,14,2) curr: 72
(10,14,3) curr: 99
**AFTER ROW 10 AND COL 14 CURR PROD IS 99 MAX PRODUCT IS 99
(10,15,0) curr: 33
(10,15,1) curr: 72
(10,15,2) curr: 99
(10,15,3) curr: 49
**AFTER ROW 10 AND COL 15 CURR PROD IS 49 MAX PRODUCT IS 99
(11,0,0) curr: 05
(11,0,1) curr: 40
(11,0,2) curr: 67
(11,0,3) curr: 56
**AFTER ROW 11 AND COL 0 CURR PROD IS 56 MAX PRODUCT IS 99
(11,1,0) curr: 40
(11,1,1) curr: 67
(11,1,2) curr: 56
(11,1,3) curr: 54
**AFTER ROW 11 AND COL 1 CURR PROD IS 54 MAX PRODUCT IS 99
(11,2,0) curr: 67
(11,2,1) curr: 56
(11,2,2) curr: 54
(11,2,3) curr: 53
**AFTER ROW 11 AND COL 2 CURR PROD IS 53 MAX PRODUCT IS 99
(11,3,0) curr: 56
(11,3,1) curr: 54
(11,3,2) curr: 53
(11,3,3) curr: 67
**AFTER ROW 11 AND COL 3 CURR PROD IS 67 MAX PRODUCT IS 99
(11,4,0) curr: 54
(11,4,1) curr: 53
(11,4,2) curr: 67
(11,4,3) curr: 39
**AFTER ROW 11 AND COL 4 CURR PROD IS 39 MAX PRODUCT IS 99
(11,5,0) curr: 53
(11,5,1) curr: 67
(11,5,2) curr: 39
(11,5,3) curr: 78
**AFTER ROW 11 AND COL 5 CURR PROD IS 78 MAX PRODUCT IS 99
(11,6,0) curr: 67
(11,6,1) curr: 39
(11,6,2) curr: 78
(11,6,3) curr: 14
**AFTER ROW 11 AND COL 6 CURR PROD IS 14 MAX PRODUCT IS 99
(11,7,0) curr: 39
(11,7,1) curr: 78
(11,7,2) curr: 14
(11,7,3) curr: 80
**AFTER ROW 11 AND COL 7 CURR PROD IS 80 MAX PRODUCT IS 99
(11,8,0) curr: 78
(11,8,1) curr: 14
(11,8,2) curr: 80
(11,8,3) curr: 24
**AFTER ROW 11 AND COL 8 CURR PROD IS 24 MAX PRODUCT IS 99
(11,9,0) curr: 14
(11,9,1) curr: 80
(11,9,2) curr: 24
(11,9,3) curr: 37
**AFTER ROW 11 AND COL 9 CURR PROD IS 37 MAX PRODUCT IS 99
(11,10,0) curr: 80
(11,10,1) curr: 24
(11,10,2) curr: 37
(11,10,3) curr: 13
**AFTER ROW 11 AND COL 10 CURR PROD IS 13 MAX PRODUCT IS 99
(11,11,0) curr: 24
(11,11,1) curr: 37
(11,11,2) curr: 13
(11,11,3) curr: 32
**AFTER ROW 11 AND COL 11 CURR PROD IS 32 MAX PRODUCT IS 99
(11,12,0) curr: 37
(11,12,1) curr: 13
(11,12,2) curr: 32
(11,12,3) curr: 67
**AFTER ROW 11 AND COL 12 CURR PROD IS 67 MAX PRODUCT IS 99
(11,13,0) curr: 13
(11,13,1) curr: 32
(11,13,2) curr: 67
(11,13,3) curr: 18
**AFTER ROW 11 AND COL 13 CURR PROD IS 18 MAX PRODUCT IS 99
(11,14,0) curr: 32
(11,14,1) curr: 67
(11,14,2) curr: 18
(11,14,3) curr: 69
**AFTER ROW 11 AND COL 14 CURR PROD IS 69 MAX PRODUCT IS 99
(11,15,0) curr: 67
(11,15,1) curr: 18
(11,15,2) curr: 69
(11,15,3) curr: 71
**AFTER ROW 11 AND COL 15 CURR PROD IS 71 MAX PRODUCT IS 99
(12,0,0) curr: 07
(12,0,1) curr: 98
(12,0,2) curr: 53
(12,0,3) curr: 01
**AFTER ROW 12 AND COL 0 CURR PROD IS 01 MAX PRODUCT IS 99
(12,1,0) curr: 98
(12,1,1) curr: 53
(12,1,2) curr: 01
(12,1,3) curr: 22
**AFTER ROW 12 AND COL 1 CURR PROD IS 22 MAX PRODUCT IS 99
(12,2,0) curr: 53
(12,2,1) curr: 01
(12,2,2) curr: 22
(12,2,3) curr: 78
**AFTER ROW 12 AND COL 2 CURR PROD IS 78 MAX PRODUCT IS 99
(12,3,0) curr: 01
(12,3,1) curr: 22
(12,3,2) curr: 78
(12,3,3) curr: 59
**AFTER ROW 12 AND COL 3 CURR PROD IS 59 MAX PRODUCT IS 99
(12,4,0) curr: 22
(12,4,1) curr: 78
(12,4,2) curr: 59
(12,4,3) curr: 63
**AFTER ROW 12 AND COL 4 CURR PROD IS 63 MAX PRODUCT IS 99
(12,5,0) curr: 78
(12,5,1) curr: 59
(12,5,2) curr: 63
(12,5,3) curr: 96
**AFTER ROW 12 AND COL 5 CURR PROD IS 96 MAX PRODUCT IS 99
(12,6,0) curr: 59
(12,6,1) curr: 63
(12,6,2) curr: 96
(12,6,3) curr: 00
**AFTER ROW 12 AND COL 6 CURR PROD IS 00 MAX PRODUCT IS 99
(12,7,0) curr: 63
(12,7,1) curr: 96
(12,7,2) curr: 00
(12,7,3) curr: 04
**AFTER ROW 12 AND COL 7 CURR PROD IS 04 MAX PRODUCT IS 99
(12,8,0) curr: 96
(12,8,1) curr: 00
(12,8,2) curr: 04
(12,8,3) curr: 00
**AFTER ROW 12 AND COL 8 CURR PROD IS 00 MAX PRODUCT IS 99
(12,9,0) curr: 00
(12,9,1) curr: 04
(12,9,2) curr: 00
(12,9,3) curr: 44
**AFTER ROW 12 AND COL 9 CURR PROD IS 44 MAX PRODUCT IS 99
(12,10,0) curr: 04
(12,10,1) curr: 00
(12,10,2) curr: 44
(12,10,3) curr: 86
**AFTER ROW 12 AND COL 10 CURR PROD IS 86 MAX PRODUCT IS 99
(12,11,0) curr: 00
(12,11,1) curr: 44
(12,11,2) curr: 86
(12,11,3) curr: 16
**AFTER ROW 12 AND COL 11 CURR PROD IS 16 MAX PRODUCT IS 99
(12,12,0) curr: 44
(12,12,1) curr: 86
(12,12,2) curr: 16
(12,12,3) curr: 46
**AFTER ROW 12 AND COL 12 CURR PROD IS 46 MAX PRODUCT IS 99
(12,13,0) curr: 86
(12,13,1) curr: 16
(12,13,2) curr: 46
(12,13,3) curr: 08
**AFTER ROW 12 AND COL 13 CURR PROD IS 08 MAX PRODUCT IS 99
(12,14,0) curr: 16
(12,14,1) curr: 46
(12,14,2) curr: 08
(12,14,3) curr: 82
**AFTER ROW 12 AND COL 14 CURR PROD IS 82 MAX PRODUCT IS 99
(12,15,0) curr: 46
(12,15,1) curr: 08
(12,15,2) curr: 82
(12,15,3) curr: 48
**AFTER ROW 12 AND COL 15 CURR PROD IS 48 MAX PRODUCT IS 99
(13,0,0) curr: 78
(13,0,1) curr: 43
(13,0,2) curr: 88
(13,0,3) curr: 32
**AFTER ROW 13 AND COL 0 CURR PROD IS 32 MAX PRODUCT IS 99
(13,1,0) curr: 43
(13,1,1) curr: 88
(13,1,2) curr: 32
(13,1,3) curr: 40
**AFTER ROW 13 AND COL 1 CURR PROD IS 40 MAX PRODUCT IS 99
(13,2,0) curr: 88
(13,2,1) curr: 32
(13,2,2) curr: 40
(13,2,3) curr: 36
**AFTER ROW 13 AND COL 2 CURR PROD IS 36 MAX PRODUCT IS 99
(13,3,0) curr: 32
(13,3,1) curr: 40
(13,3,2) curr: 36
(13,3,3) curr: 54
**AFTER ROW 13 AND COL 3 CURR PROD IS 54 MAX PRODUCT IS 99
(13,4,0) curr: 40
(13,4,1) curr: 36
(13,4,2) curr: 54
(13,4,3) curr: 08
**AFTER ROW 13 AND COL 4 CURR PROD IS 08 MAX PRODUCT IS 99
(13,5,0) curr: 36
(13,5,1) curr: 54
(13,5,2) curr: 08
(13,5,3) curr: 83
**AFTER ROW 13 AND COL 5 CURR PROD IS 83 MAX PRODUCT IS 99
(13,6,0) curr: 54
(13,6,1) curr: 08
(13,6,2) curr: 83
(13,6,3) curr: 61
**AFTER ROW 13 AND COL 6 CURR PROD IS 61 MAX PRODUCT IS 99
(13,7,0) curr: 08
(13,7,1) curr: 83
(13,7,2) curr: 61
(13,7,3) curr: 62
**AFTER ROW 13 AND COL 7 CURR PROD IS 62 MAX PRODUCT IS 99
(13,8,0) curr: 83
(13,8,1) curr: 61
(13,8,2) curr: 62
(13,8,3) curr: 17
**AFTER ROW 13 AND COL 8 CURR PROD IS 17 MAX PRODUCT IS 99
(13,9,0) curr: 61
(13,9,1) curr: 62
(13,9,2) curr: 17
(13,9,3) curr: 60
**AFTER ROW 13 AND COL 9 CURR PROD IS 60 MAX PRODUCT IS 99
(13,10,0) curr: 62
(13,10,1) curr: 17
(13,10,2) curr: 60
(13,10,3) curr: 52
**AFTER ROW 13 AND COL 10 CURR PROD IS 52 MAX PRODUCT IS 99
(13,11,0) curr: 17
(13,11,1) curr: 60
(13,11,2) curr: 52
(13,11,3) curr: 26
**AFTER ROW 13 AND COL 11 CURR PROD IS 26 MAX PRODUCT IS 99
(13,12,0) curr: 60
(13,12,1) curr: 52
(13,12,2) curr: 26
(13,12,3) curr: 55
**AFTER ROW 13 AND COL 12 CURR PROD IS 55 MAX PRODUCT IS 99
(13,13,0) curr: 52
(13,13,1) curr: 26
(13,13,2) curr: 55
(13,13,3) curr: 46
**AFTER ROW 13 AND COL 13 CURR PROD IS 46 MAX PRODUCT IS 99
(13,14,0) curr: 26
(13,14,1) curr: 55
(13,14,2) curr: 46
(13,14,3) curr: 67
**AFTER ROW 13 AND COL 14 CURR PROD IS 67 MAX PRODUCT IS 99
(13,15,0) curr: 55
(13,15,1) curr: 46
(13,15,2) curr: 67
(13,15,3) curr: 86
**AFTER ROW 13 AND COL 15 CURR PROD IS 86 MAX PRODUCT IS 99
(14,0,0) curr: 52
(14,0,1) curr: 69
(14,0,2) curr: 30
(14,0,3) curr: 56
**AFTER ROW 14 AND COL 0 CURR PROD IS 56 MAX PRODUCT IS 99
(14,1,0) curr: 69
(14,1,1) curr: 30
(14,1,2) curr: 56
(14,1,3) curr: 40
**AFTER ROW 14 AND COL 1 CURR PROD IS 40 MAX PRODUCT IS 99
(14,2,0) curr: 30
(14,2,1) curr: 56
(14,2,2) curr: 40
(14,2,3) curr: 84
**AFTER ROW 14 AND COL 2 CURR PROD IS 84 MAX PRODUCT IS 99
(14,3,0) curr: 56
(14,3,1) curr: 40
(14,3,2) curr: 84
(14,3,3) curr: 70
**AFTER ROW 14 AND COL 3 CURR PROD IS 70 MAX PRODUCT IS 99
(14,4,0) curr: 40
(14,4,1) curr: 84
(14,4,2) curr: 70
(14,4,3) curr: 40
**AFTER ROW 14 AND COL 4 CURR PROD IS 40 MAX PRODUCT IS 99
(14,5,0) curr: 84
(14,5,1) curr: 70
(14,5,2) curr: 40
(14,5,3) curr: 14
**AFTER ROW 14 AND COL 5 CURR PROD IS 14 MAX PRODUCT IS 99
(14,6,0) curr: 70
(14,6,1) curr: 40
(14,6,2) curr: 14
(14,6,3) curr: 33
**AFTER ROW 14 AND COL 6 CURR PROD IS 33 MAX PRODUCT IS 99
(14,7,0) curr: 40
(14,7,1) curr: 14
(14,7,2) curr: 33
(14,7,3) curr: 16
**AFTER ROW 14 AND COL 7 CURR PROD IS 16 MAX PRODUCT IS 99
(14,8,0) curr: 14
(14,8,1) curr: 33
(14,8,2) curr: 16
(14,8,3) curr: 54
**AFTER ROW 14 AND COL 8 CURR PROD IS 54 MAX PRODUCT IS 99
(14,9,0) curr: 33
(14,9,1) curr: 16
(14,9,2) curr: 54
(14,9,3) curr: 21
**AFTER ROW 14 AND COL 9 CURR PROD IS 21 MAX PRODUCT IS 99
(14,10,0) curr: 16
(14,10,1) curr: 54
(14,10,2) curr: 21
(14,10,3) curr: 17
**AFTER ROW 14 AND COL 10 CURR PROD IS 17 MAX PRODUCT IS 99
(14,11,0) curr: 54
(14,11,1) curr: 21
(14,11,2) curr: 17
(14,11,3) curr: 26
**AFTER ROW 14 AND COL 11 CURR PROD IS 26 MAX PRODUCT IS 99
(14,12,0) curr: 21
(14,12,1) curr: 17
(14,12,2) curr: 26
(14,12,3) curr: 12
**AFTER ROW 14 AND COL 12 CURR PROD IS 12 MAX PRODUCT IS 99
(14,13,0) curr: 17
(14,13,1) curr: 26
(14,13,2) curr: 12
(14,13,3) curr: 29
**AFTER ROW 14 AND COL 13 CURR PROD IS 29 MAX PRODUCT IS 99
(14,14,0) curr: 26
(14,14,1) curr: 12
(14,14,2) curr: 29
(14,14,3) curr: 59
**AFTER ROW 14 AND COL 14 CURR PROD IS 59 MAX PRODUCT IS 99
(14,15,0) curr: 12
(14,15,1) curr: 29
(14,15,2) curr: 59
(14,15,3) curr: 81
**AFTER ROW 14 AND COL 15 CURR PROD IS 81 MAX PRODUCT IS 99
(15,0,0) curr: 12
(15,0,1) curr: 48
(15,0,2) curr: 03
(15,0,3) curr: 71
**AFTER ROW 15 AND COL 0 CURR PROD IS 71 MAX PRODUCT IS 99
(15,1,0) curr: 48
(15,1,1) curr: 03
(15,1,2) curr: 71
(15,1,3) curr: 28
**AFTER ROW 15 AND COL 1 CURR PROD IS 28 MAX PRODUCT IS 99
(15,2,0) curr: 03
(15,2,1) curr: 71
(15,2,2) curr: 28
(15,2,3) curr: 20
**AFTER ROW 15 AND COL 2 CURR PROD IS 20 MAX PRODUCT IS 99
(15,3,0) curr: 71
(15,3,1) curr: 28
(15,3,2) curr: 20
(15,3,3) curr: 66
**AFTER ROW 15 AND COL 3 CURR PROD IS 66 MAX PRODUCT IS 99
(15,4,0) curr: 28
(15,4,1) curr: 20
(15,4,2) curr: 66
(15,4,3) curr: 91
**AFTER ROW 15 AND COL 4 CURR PROD IS 91 MAX PRODUCT IS 99
(15,5,0) curr: 20
(15,5,1) curr: 66
(15,5,2) curr: 91
(15,5,3) curr: 88
**AFTER ROW 15 AND COL 5 CURR PROD IS 88 MAX PRODUCT IS 99
(15,6,0) curr: 66
(15,6,1) curr: 91
(15,6,2) curr: 88
(15,6,3) curr: 97
**AFTER ROW 15 AND COL 6 CURR PROD IS 97 MAX PRODUCT IS 99
(15,7,0) curr: 91
(15,7,1) curr: 88
(15,7,2) curr: 97
(15,7,3) curr: 14
**AFTER ROW 15 AND COL 7 CURR PROD IS 14 MAX PRODUCT IS 99
(15,8,0) curr: 88
(15,8,1) curr: 97
(15,8,2) curr: 14
(15,8,3) curr: 24
**AFTER ROW 15 AND COL 8 CURR PROD IS 24 MAX PRODUCT IS 99
(15,9,0) curr: 97
(15,9,1) curr: 14
(15,9,2) curr: 24
(15,9,3) curr: 58
**AFTER ROW 15 AND COL 9 CURR PROD IS 58 MAX PRODUCT IS 99
(15,10,0) curr: 14
(15,10,1) curr: 24
(15,10,2) curr: 58
(15,10,3) curr: 77
**AFTER ROW 15 AND COL 10 CURR PROD IS 77 MAX PRODUCT IS 99
(15,11,0) curr: 24
(15,11,1) curr: 58
(15,11,2) curr: 77
(15,11,3) curr: 79
**AFTER ROW 15 AND COL 11 CURR PROD IS 79 MAX PRODUCT IS 99
(15,12,0) curr: 58
(15,12,1) curr: 77
(15,12,2) curr: 79
(15,12,3) curr: 32
**AFTER ROW 15 AND COL 12 CURR PROD IS 32 MAX PRODUCT IS 99
(15,13,0) curr: 77
(15,13,1) curr: 79
(15,13,2) curr: 32
(15,13,3) curr: 32
**AFTER ROW 15 AND COL 13 CURR PROD IS 32 MAX PRODUCT IS 99
(15,14,0) curr: 79
(15,14,1) curr: 32
(15,14,2) curr: 32
(15,14,3) curr: 85
**AFTER ROW 15 AND COL 14 CURR PROD IS 85 MAX PRODUCT IS 99
(15,15,0) curr: 32
(15,15,1) curr: 32
(15,15,2) curr: 85
(15,15,3) curr: 16
**AFTER ROW 15 AND COL 15 CURR PROD IS 16 MAX PRODUCT IS 99
(16,0,0) curr: 50
(16,0,1) curr: 04
(16,0,2) curr: 49
(16,0,3) curr: 37
**AFTER ROW 16 AND COL 0 CURR PROD IS 37 MAX PRODUCT IS 99
(16,1,0) curr: 04
(16,1,1) curr: 49
(16,1,2) curr: 37
(16,1,3) curr: 66
**AFTER ROW 16 AND COL 1 CURR PROD IS 66 MAX PRODUCT IS 99
(16,2,0) curr: 49
(16,2,1) curr: 37
(16,2,2) curr: 66
(16,2,3) curr: 35
**AFTER ROW 16 AND COL 2 CURR PROD IS 35 MAX PRODUCT IS 99
(16,3,0) curr: 37
(16,3,1) curr: 66
(16,3,2) curr: 35
(16,3,3) curr: 18
**AFTER ROW 16 AND COL 3 CURR PROD IS 18 MAX PRODUCT IS 99
(16,4,0) curr: 66
(16,4,1) curr: 35
(16,4,2) curr: 18
(16,4,3) curr: 66
**AFTER ROW 16 AND COL 4 CURR PROD IS 66 MAX PRODUCT IS 99
(16,5,0) curr: 35
(16,5,1) curr: 18
(16,5,2) curr: 66
(16,5,3) curr: 34
**AFTER ROW 16 AND COL 5 CURR PROD IS 34 MAX PRODUCT IS 99
(16,6,0) curr: 18
(16,6,1) curr: 66
(16,6,2) curr: 34
(16,6,3) curr: 34
**AFTER ROW 16 AND COL 6 CURR PROD IS 34 MAX PRODUCT IS 99
(16,7,0) curr: 66
(16,7,1) curr: 34
(16,7,2) curr: 34
(16,7,3) curr: 09
**AFTER ROW 16 AND COL 7 CURR PROD IS 09 MAX PRODUCT IS 99
(16,8,0) curr: 34
(16,8,1) curr: 34
(16,8,2) curr: 09
(16,8,3) curr: 36
**AFTER ROW 16 AND COL 8 CURR PROD IS 36 MAX PRODUCT IS 99
(16,9,0) curr: 34
(16,9,1) curr: 09
(16,9,2) curr: 36
(16,9,3) curr: 51
**AFTER ROW 16 AND COL 9 CURR PROD IS 51 MAX PRODUCT IS 99
(16,10,0) curr: 09
(16,10,1) curr: 36
(16,10,2) curr: 51
(16,10,3) curr: 04
**AFTER ROW 16 AND COL 10 CURR PROD IS 04 MAX PRODUCT IS 99
(16,11,0) curr: 36
(16,11,1) curr: 51
(16,11,2) curr: 04
(16,11,3) curr: 33
**AFTER ROW 16 AND COL 11 CURR PROD IS 33 MAX PRODUCT IS 99
(16,12,0) curr: 51
(16,12,1) curr: 04
(16,12,2) curr: 33
(16,12,3) curr: 63
**AFTER ROW 16 AND COL 12 CURR PROD IS 63 MAX PRODUCT IS 99
(16,13,0) curr: 04
(16,13,1) curr: 33
(16,13,2) curr: 63
(16,13,3) curr: 40
**AFTER ROW 16 AND COL 13 CURR PROD IS 40 MAX PRODUCT IS 99
(16,14,0) curr: 33
(16,14,1) curr: 63
(16,14,2) curr: 40
(16,14,3) curr: 74
**AFTER ROW 16 AND COL 14 CURR PROD IS 74 MAX PRODUCT IS 99
(16,15,0) curr: 63
(16,15,1) curr: 40
(16,15,2) curr: 74
(16,15,3) curr: 23
**AFTER ROW 16 AND COL 15 CURR PROD IS 23 MAX PRODUCT IS 99
(17,0,0) curr: 77
(17,0,1) curr: 56
(17,0,2) curr: 13
(17,0,3) curr: 02
**AFTER ROW 17 AND COL 0 CURR PROD IS 02 MAX PRODUCT IS 99
(17,1,0) curr: 56
(17,1,1) curr: 13
(17,1,2) curr: 02
(17,1,3) curr: 33
**AFTER ROW 17 AND COL 1 CURR PROD IS 33 MAX PRODUCT IS 99
(17,2,0) curr: 13
(17,2,1) curr: 02
(17,2,2) curr: 33
(17,2,3) curr: 17
**AFTER ROW 17 AND COL 2 CURR PROD IS 17 MAX PRODUCT IS 99
(17,3,0) curr: 02
(17,3,1) curr: 33
(17,3,2) curr: 17
(17,3,3) curr: 38
**AFTER ROW 17 AND COL 3 CURR PROD IS 38 MAX PRODUCT IS 99
(17,4,0) curr: 33
(17,4,1) curr: 17
(17,4,2) curr: 38
(17,4,3) curr: 49
**AFTER ROW 17 AND COL 4 CURR PROD IS 49 MAX PRODUCT IS 99
(17,5,0) curr: 17
(17,5,1) curr: 38
(17,5,2) curr: 49
(17,5,3) curr: 89
**AFTER ROW 17 AND COL 5 CURR PROD IS 89 MAX PRODUCT IS 99
(17,6,0) curr: 38
(17,6,1) curr: 49
(17,6,2) curr: 89
(17,6,3) curr: 31
**AFTER ROW 17 AND COL 6 CURR PROD IS 31 MAX PRODUCT IS 99
(17,7,0) curr: 49
(17,7,1) curr: 89
(17,7,2) curr: 31
(17,7,3) curr: 53
**AFTER ROW 17 AND COL 7 CURR PROD IS 53 MAX PRODUCT IS 99
(17,8,0) curr: 89
(17,8,1) curr: 31
(17,8,2) curr: 53
(17,8,3) curr: 29
**AFTER ROW 17 AND COL 8 CURR PROD IS 29 MAX PRODUCT IS 99
(17,9,0) curr: 31
(17,9,1) curr: 53
(17,9,2) curr: 29
(17,9,3) curr: 54
**AFTER ROW 17 AND COL 9 CURR PROD IS 54 MAX PRODUCT IS 99
(17,10,0) curr: 53
(17,10,1) curr: 29
(17,10,2) curr: 54
(17,10,3) curr: 89
**AFTER ROW 17 AND COL 10 CURR PROD IS 89 MAX PRODUCT IS 99
(17,11,0) curr: 29
(17,11,1) curr: 54
(17,11,2) curr: 89
(17,11,3) curr: 27
**AFTER ROW 17 AND COL 11 CURR PROD IS 27 MAX PRODUCT IS 99
(17,12,0) curr: 54
(17,12,1) curr: 89
(17,12,2) curr: 27
(17,12,3) curr: 93
**AFTER ROW 17 AND COL 12 CURR PROD IS 93 MAX PRODUCT IS 99
(17,13,0) curr: 89
(17,13,1) curr: 27
(17,13,2) curr: 93
(17,13,3) curr: 62
**AFTER ROW 17 AND COL 13 CURR PROD IS 62 MAX PRODUCT IS 99
(17,14,0) curr: 27
(17,14,1) curr: 93
(17,14,2) curr: 62
(17,14,3) curr: 04
**AFTER ROW 17 AND COL 14 CURR PROD IS 04 MAX PRODUCT IS 99
(17,15,0) curr: 93
(17,15,1) curr: 62
(17,15,2) curr: 04
(17,15,3) curr: 57
**AFTER ROW 17 AND COL 15 CURR PROD IS 57 MAX PRODUCT IS 99
(18,0,0) curr: 91
(18,0,1) curr: 62
(18,0,2) curr: 36
(18,0,3) curr: 36
**AFTER ROW 18 AND COL 0 CURR PROD IS 36 MAX PRODUCT IS 99
(18,1,0) curr: 62
(18,1,1) curr: 36
(18,1,2) curr: 36
(18,1,3) curr: 13
**AFTER ROW 18 AND COL 1 CURR PROD IS 13 MAX PRODUCT IS 99
(18,2,0) curr: 36
(18,2,1) curr: 36
(18,2,2) curr: 13
(18,2,3) curr: 12
**AFTER ROW 18 AND COL 2 CURR PROD IS 12 MAX PRODUCT IS 99
(18,3,0) curr: 36
(18,3,1) curr: 13
(18,3,2) curr: 12
(18,3,3) curr: 64
**AFTER ROW 18 AND COL 3 CURR PROD IS 64 MAX PRODUCT IS 99
(18,4,0) curr: 13
(18,4,1) curr: 12
(18,4,2) curr: 64
(18,4,3) curr: 94
**AFTER ROW 18 AND COL 4 CURR PROD IS 94 MAX PRODUCT IS 99
(18,5,0) curr: 12
(18,5,1) curr: 64
(18,5,2) curr: 94
(18,5,3) curr: 63
**AFTER ROW 18 AND COL 5 CURR PROD IS 63 MAX PRODUCT IS 99
(18,6,0) curr: 64
(18,6,1) curr: 94
(18,6,2) curr: 63
(18,6,3) curr: 33
**AFTER ROW 18 AND COL 6 CURR PROD IS 33 MAX PRODUCT IS 99
(18,7,0) curr: 94
(18,7,1) curr: 63
(18,7,2) curr: 33
(18,7,3) curr: 56
**AFTER ROW 18 AND COL 7 CURR PROD IS 56 MAX PRODUCT IS 99
(18,8,0) curr: 63
(18,8,1) curr: 33
(18,8,2) curr: 56
(18,8,3) curr: 85
**AFTER ROW 18 AND COL 8 CURR PROD IS 85 MAX PRODUCT IS 99
(18,9,0) curr: 33
(18,9,1) curr: 56
(18,9,2) curr: 85
(18,9,3) curr: 17
**AFTER ROW 18 AND COL 9 CURR PROD IS 17 MAX PRODUCT IS 99
(18,10,0) curr: 56
(18,10,1) curr: 85
(18,10,2) curr: 17
(18,10,3) curr: 55
**AFTER ROW 18 AND COL 10 CURR PROD IS 55 MAX PRODUCT IS 99
(18,11,0) curr: 85
(18,11,1) curr: 17
(18,11,2) curr: 55
(18,11,3) curr: 98
**AFTER ROW 18 AND COL 11 CURR PROD IS 98 MAX PRODUCT IS 99
(18,12,0) curr: 17
(18,12,1) curr: 55
(18,12,2) curr: 98
(18,12,3) curr: 53
**AFTER ROW 18 AND COL 12 CURR PROD IS 53 MAX PRODUCT IS 99
(18,13,0) curr: 55
(18,13,1) curr: 98
(18,13,2) curr: 53
(18,13,3) curr: 76
**AFTER ROW 18 AND COL 13 CURR PROD IS 76 MAX PRODUCT IS 99
(18,14,0) curr: 98
(18,14,1) curr: 53
(18,14,2) curr: 76
(18,14,3) curr: 36
**AFTER ROW 18 AND COL 14 CURR PROD IS 36 MAX PRODUCT IS 99
(18,15,0) curr: 53
(18,15,1) curr: 76
(18,15,2) curr: 36
(18,15,3) curr: 05
**AFTER ROW 18 AND COL 15 CURR PROD IS 05 MAX PRODUCT IS 99
(19,0,0) curr: 08
(19,0,1) curr: 00
(19,0,2) curr: 65
(19,0,3) curr: 91
**AFTER ROW 19 AND COL 0 CURR PROD IS 91 MAX PRODUCT IS 99
(19,1,0) curr: 00
(19,1,1) curr: 65
(19,1,2) curr: 91
(19,1,3) curr: 80
**AFTER ROW 19 AND COL 1 CURR PROD IS 80 MAX PRODUCT IS 99
(19,2,0) curr: 65
(19,2,1) curr: 91
(19,2,2) curr: 80
(19,2,3) curr: 50
**AFTER ROW 19 AND COL 2 CURR PROD IS 50 MAX PRODUCT IS 99
(19,3,0) curr: 91
(19,3,1) curr: 80
(19,3,2) curr: 50
(19,3,3) curr: 70
**AFTER ROW 19 AND COL 3 CURR PROD IS 70 MAX PRODUCT IS 99
(19,4,0) curr: 80
(19,4,1) curr: 50
(19,4,2) curr: 70
(19,4,3) curr: 21
**AFTER ROW 19 AND COL 4 CURR PROD IS 21 MAX PRODUCT IS 99
(19,5,0) curr: 50
(19,5,1) curr: 70
(19,5,2) curr: 21
(19,5,3) curr: 72
**AFTER ROW 19 AND COL 5 CURR PROD IS 72 MAX PRODUCT IS 99
(19,6,0) curr: 70
(19,6,1) curr: 21
(19,6,2) curr: 72
(19,6,3) curr: 95
**AFTER ROW 19 AND COL 6 CURR PROD IS 95 MAX PRODUCT IS 99
(19,7,0) curr: 21
(19,7,1) curr: 72
(19,7,2) curr: 95
(19,7,3) curr: 92
**AFTER ROW 19 AND COL 7 CURR PROD IS 92 MAX PRODUCT IS 99
(19,8,0) curr: 72
(19,8,1) curr: 95
(19,8,2) curr: 92
(19,8,3) curr: 57
**AFTER ROW 19 AND COL 8 CURR PROD IS 57 MAX PRODUCT IS 99
(19,9,0) curr: 95
(19,9,1) curr: 92
(19,9,2) curr: 57
(19,9,3) curr: 58
**AFTER ROW 19 AND COL 9 CURR PROD IS 58 MAX PRODUCT IS 99
(19,10,0) curr: 92
(19,10,1) curr: 57
(19,10,2) curr: 58
(19,10,3) curr: 40
**AFTER ROW 19 AND COL 10 CURR PROD IS 40 MAX PRODUCT IS 99
(19,11,0) curr: 57
(19,11,1) curr: 58
(19,11,2) curr: 40
(19,11,3) curr: 66
**AFTER ROW 19 AND COL 11 CURR PROD IS 66 MAX PRODUCT IS 99
(19,12,0) curr: 58
(19,12,1) curr: 40
(19,12,2) curr: 66
(19,12,3) curr: 69
**AFTER ROW 19 AND COL 12 CURR PROD IS 69 MAX PRODUCT IS 99
(19,13,0) curr: 40
(19,13,1) curr: 66
(19,13,2) curr: 69
(19,13,3) curr: 36
**AFTER ROW 19 AND COL 13 CURR PROD IS 36 MAX PRODUCT IS 99
(19,14,0) curr: 66
(19,14,1) curr: 69
(19,14,2) curr: 36
(19,14,3) curr: 16
**AFTER ROW 19 AND COL 14 CURR PROD IS 16 MAX PRODUCT IS 99
(19,15,0) curr: 69
(19,15,1) curr: 36
(19,15,2) curr: 16
(19,15,3) curr: 54
**AFTER ROW 19 AND COL 15 CURR PROD IS 54 MAX PRODUCT IS 99
The maximum product is 99
